0 info it worked if it ends with ok
1 verbose cli [ '/usr/local/Cellar/node/5.1.1/bin/node',
1 verbose cli   '/usr/local/bin/npm',
1 verbose cli   'install',
1 verbose cli   'nodelua' ]
2 info using npm@3.3.12
3 info using node@v5.1.1
4 silly loadCurrentTree Starting
5 silly install loadCurrentTree
6 silly install readLocalPackageData
7 silly fetchPackageMetaData nodelua
8 silly fetchNamedPackageData nodelua
9 silly mapToRegistry name nodelua
10 silly mapToRegistry using default registry
11 silly mapToRegistry registry https://registry.npmjs.org/
12 silly mapToRegistry uri https://registry.npmjs.org/nodelua
13 verbose request uri https://registry.npmjs.org/nodelua
14 verbose request no auth needed
15 info attempt registry request try #1 at 12:30:16 PM
16 verbose request id e64040c190bd61b8
17 verbose etag "338Q8IP8CEU4F62B40BNPNQNL"
18 http request GET https://registry.npmjs.org/nodelua
19 http 304 https://registry.npmjs.org/nodelua
20 verbose headers { date: 'Wed, 09 Dec 2015 17:30:16 GMT',
20 verbose headers   via: '1.1 varnish',
20 verbose headers   'cache-control': 'max-age=60',
20 verbose headers   etag: '"338Q8IP8CEU4F62B40BNPNQNL"',
20 verbose headers   age: '50',
20 verbose headers   connection: 'keep-alive',
20 verbose headers   'x-served-by': 'cache-atl6232-ATL',
20 verbose headers   'x-cache': 'HIT',
20 verbose headers   'x-cache-hits': '1',
20 verbose headers   'x-timer': 'S1449682216.197432,VS0,VE0',
20 verbose headers   vary: 'Accept' }
21 silly get cb [ 304,
21 silly get   { date: 'Wed, 09 Dec 2015 17:30:16 GMT',
21 silly get     via: '1.1 varnish',
21 silly get     'cache-control': 'max-age=60',
21 silly get     etag: '"338Q8IP8CEU4F62B40BNPNQNL"',
21 silly get     age: '50',
21 silly get     connection: 'keep-alive',
21 silly get     'x-served-by': 'cache-atl6232-ATL',
21 silly get     'x-cache': 'HIT',
21 silly get     'x-cache-hits': '1',
21 silly get     'x-timer': 'S1449682216.197432,VS0,VE0',
21 silly get     vary: 'Accept' } ]
22 verbose etag https://registry.npmjs.org/nodelua from cache
23 verbose get saving nodelua to /Users/smcgill3/.npm/registry.npmjs.org/nodelua/.cache.json
24 silly install normalizeTree
25 silly loadCurrentTree Finishing
26 silly loadIdealTree Starting
27 silly install loadIdealTree
28 silly cloneCurrentTree Starting
29 silly install cloneCurrentTreeToIdealTree
30 silly cloneCurrentTree Finishing
31 silly loadShrinkwrap Starting
32 silly install loadShrinkwrap
33 silly loadShrinkwrap Finishing
34 silly loadAllDepsIntoIdealTree Starting
35 silly install loadAllDepsIntoIdealTree
36 silly resolveWithNewModule nodelua@0.3.3 checking installable status
37 silly cache add args [ 'nodelua', null ]
38 verbose cache add spec nodelua
39 silly cache add parsed spec Result {
39 silly cache add   raw: 'nodelua',
39 silly cache add   scope: null,
39 silly cache add   name: 'nodelua',
39 silly cache add   rawSpec: '',
39 silly cache add   spec: '*',
39 silly cache add   type: 'range' }
40 silly addNamed nodelua@*
41 verbose addNamed "*" is a valid semver range for nodelua
42 silly addNameRange { name: 'nodelua', range: '*', hasData: false }
43 silly mapToRegistry name nodelua
44 silly mapToRegistry using default registry
45 silly mapToRegistry registry https://registry.npmjs.org/
46 silly mapToRegistry uri https://registry.npmjs.org/nodelua
47 verbose addNameRange registry:https://registry.npmjs.org/nodelua not in flight; fetching
48 verbose get https://registry.npmjs.org/nodelua not expired, no request
49 silly addNameRange number 2 { name: 'nodelua', range: '*', hasData: true }
50 silly addNameRange versions [ 'nodelua',
50 silly addNameRange   [ '0.1.0',
50 silly addNameRange     '0.1.1',
50 silly addNameRange     '0.1.3',
50 silly addNameRange     '0.1.4',
50 silly addNameRange     '0.1.5',
50 silly addNameRange     '0.1.6',
50 silly addNameRange     '0.1.7',
50 silly addNameRange     '0.2.0',
50 silly addNameRange     '0.2.1',
50 silly addNameRange     '0.2.2',
50 silly addNameRange     '0.2.3',
50 silly addNameRange     '0.3.0',
50 silly addNameRange     '0.3.1',
50 silly addNameRange     '0.3.2',
50 silly addNameRange     '0.3.3' ] ]
51 silly addNamed nodelua@0.3.3
52 verbose addNamed "0.3.3" is a plain semver version for nodelua
53 silly cache afterAdd nodelua@0.3.3
54 verbose afterAdd /Users/smcgill3/.npm/nodelua/0.3.3/package/package.json not in flight; writing
55 verbose afterAdd /Users/smcgill3/.npm/nodelua/0.3.3/package/package.json written
56 silly loadAllDepsIntoIdealTree Finishing
57 silly idealTree:prePrune sur@0.2.0
57 silly idealTree:prePrune ├── accepts@1.2.13
57 silly idealTree:prePrune ├── ansi-regex@2.0.0
57 silly idealTree:prePrune ├── ansi-styles@2.1.0
57 silly idealTree:prePrune ├── archy@1.0.0
57 silly idealTree:prePrune ├── array-differ@1.0.0
57 silly idealTree:prePrune ├── array-flatten@1.1.1
57 silly idealTree:prePrune ├── array-union@1.0.1
57 silly idealTree:prePrune ├── array-uniq@1.0.2
57 silly idealTree:prePrune ├── asn1@0.1.11
57 silly idealTree:prePrune ├── assert-plus@0.1.5
57 silly idealTree:prePrune ├── async@0.2.10
57 silly idealTree:prePrune ├── backoff@2.4.1
57 silly idealTree:prePrune ├── balanced-match@0.3.0
57 silly idealTree:prePrune ├── beeper@1.1.0
57 silly idealTree:prePrune ├── bindings@1.2.1
57 silly idealTree:prePrune ├─┬ bl@1.0.0
57 silly idealTree:prePrune │ └── readable-stream@2.0.4
57 silly idealTree:prePrune ├── body-parser@1.14.1
57 silly idealTree:prePrune ├─┬ bower@1.7.0
57 silly idealTree:prePrune │ ├── abbrev@1.0.7
57 silly idealTree:prePrune │ ├── archy@1.0.0
57 silly idealTree:prePrune │ ├─┬ bower-config@1.3.0
57 silly idealTree:prePrune │ │ ├── graceful-fs@4.1.2
57 silly idealTree:prePrune │ │ ├─┬ optimist@0.6.1
57 silly idealTree:prePrune │ │ │ ├── minimist@0.0.10
57 silly idealTree:prePrune │ │ │ └── wordwrap@0.0.3
57 silly idealTree:prePrune │ │ ├─┬ osenv@0.1.3
57 silly idealTree:prePrune │ │ │ ├── os-homedir@1.0.1
57 silly idealTree:prePrune │ │ │ └── os-tmpdir@1.0.1
57 silly idealTree:prePrune │ │ └─┬ untildify@2.1.0
57 silly idealTree:prePrune │ │   └── os-homedir@1.0.1
57 silly idealTree:prePrune │ ├── bower-endpoint-parser@0.2.2
57 silly idealTree:prePrune │ ├─┬ bower-json@0.4.0
57 silly idealTree:prePrune │ │ ├── deep-extend@0.2.11
57 silly idealTree:prePrune │ │ ├── graceful-fs@2.0.3
57 silly idealTree:prePrune │ │ └── intersect@0.0.3
57 silly idealTree:prePrune │ ├── bower-logger@0.2.2
57 silly idealTree:prePrune │ ├─┬ bower-registry-client@1.0.0
57 silly idealTree:prePrune │ │ ├── async@0.2.10
57 silly idealTree:prePrune │ │ ├── graceful-fs@4.1.2
57 silly idealTree:prePrune │ │ ├── mkdirp@0.3.5
57 silly idealTree:prePrune │ │ └── request-replay@0.2.0
57 silly idealTree:prePrune │ ├─┬ cardinal@0.4.4
57 silly idealTree:prePrune │ │ ├── ansicolors@0.2.1
57 silly idealTree:prePrune │ │ └─┬ redeyed@0.4.4
57 silly idealTree:prePrune │ │   └── esprima@1.0.4
57 silly idealTree:prePrune │ ├─┬ chalk@1.1.1
57 silly idealTree:prePrune │ │ ├── ansi-styles@2.1.0
57 silly idealTree:prePrune │ │ ├── escape-string-regexp@1.0.3
57 silly idealTree:prePrune │ │ ├─┬ has-ansi@2.0.0
57 silly idealTree:prePrune │ │ │ └── ansi-regex@2.0.0
57 silly idealTree:prePrune │ │ ├─┬ strip-ansi@3.0.0
57 silly idealTree:prePrune │ │ │ └── ansi-regex@2.0.0
57 silly idealTree:prePrune │ │ └── supports-color@2.0.0
57 silly idealTree:prePrune │ ├── chmodr@1.0.2
57 silly idealTree:prePrune │ ├─┬ configstore@0.3.2
57 silly idealTree:prePrune │ │ ├─┬ js-yaml@3.4.6
57 silly idealTree:prePrune │ │ │ ├─┬ argparse@1.0.3
57 silly idealTree:prePrune │ │ │ │ ├── lodash@3.10.1
57 silly idealTree:prePrune │ │ │ │ └── sprintf-js@1.0.3
57 silly idealTree:prePrune │ │ │ ├── esprima@2.7.0
57 silly idealTree:prePrune │ │ │ └── inherit@2.2.2
57 silly idealTree:prePrune │ │ ├── object-assign@2.1.1
57 silly idealTree:prePrune │ │ ├─┬ osenv@0.1.3
57 silly idealTree:prePrune │ │ │ ├── os-homedir@1.0.1
57 silly idealTree:prePrune │ │ │ └── os-tmpdir@1.0.1
57 silly idealTree:prePrune │ │ ├── uuid@2.0.1
57 silly idealTree:prePrune │ │ └── xdg-basedir@1.0.1
57 silly idealTree:prePrune │ ├─┬ decompress-zip@0.1.0
57 silly idealTree:prePrune │ │ ├─┬ binary@0.3.0
57 silly idealTree:prePrune │ │ │ ├── buffers@0.1.1
57 silly idealTree:prePrune │ │ │ └─┬ chainsaw@0.1.0
57 silly idealTree:prePrune │ │ │   └── traverse@0.3.9
57 silly idealTree:prePrune │ │ ├── mkpath@0.1.0
57 silly idealTree:prePrune │ │ ├─┬ readable-stream@1.1.13
57 silly idealTree:prePrune │ │ │ ├── core-util-is@1.0.2
57 silly idealTree:prePrune │ │ │ ├── inherits@2.0.1
57 silly idealTree:prePrune │ │ │ ├── isarray@0.0.1
57 silly idealTree:prePrune │ │ │ └── string_decoder@0.10.31
57 silly idealTree:prePrune │ │ └─┬ touch@0.0.3
57 silly idealTree:prePrune │ │   └── nopt@1.0.10
57 silly idealTree:prePrune │ ├── destroy@1.0.3
57 silly idealTree:prePrune │ ├─┬ fs-write-stream-atomic@1.0.5
57 silly idealTree:prePrune │ │ ├── graceful-fs@4.1.2
57 silly idealTree:prePrune │ │ └── imurmurhash@0.1.4
57 silly idealTree:prePrune │ ├─┬ fstream-ignore@1.0.3
57 silly idealTree:prePrune │ │ ├── inherits@2.0.1
57 silly idealTree:prePrune │ │ └─┬ minimatch@3.0.0
57 silly idealTree:prePrune │ │   └─┬ brace-expansion@1.1.2
57 silly idealTree:prePrune │ │     ├── balanced-match@0.3.0
57 silly idealTree:prePrune │ │     └── concat-map@0.0.1
57 silly idealTree:prePrune │ ├─┬ fstream@1.0.8
57 silly idealTree:prePrune │ │ ├── graceful-fs@4.1.2
57 silly idealTree:prePrune │ │ └── inherits@2.0.1
57 silly idealTree:prePrune │ ├─┬ github@0.2.4
57 silly idealTree:prePrune │ │ └── mime@1.3.4
57 silly idealTree:prePrune │ ├─┬ glob@4.5.3
57 silly idealTree:prePrune │ │ ├─┬ inflight@1.0.4
57 silly idealTree:prePrune │ │ │ └── wrappy@1.0.1
57 silly idealTree:prePrune │ │ ├── inherits@2.0.1
57 silly idealTree:prePrune │ │ ├─┬ minimatch@2.0.10
57 silly idealTree:prePrune │ │ │ └─┬ brace-expansion@1.1.2
57 silly idealTree:prePrune │ │ │   ├── balanced-match@0.3.0
57 silly idealTree:prePrune │ │ │   └── concat-map@0.0.1
57 silly idealTree:prePrune │ │ └─┬ once@1.3.3
57 silly idealTree:prePrune │ │   └── wrappy@1.0.1
57 silly idealTree:prePrune │ ├── graceful-fs@3.0.8
57 silly idealTree:prePrune │ ├─┬ handlebars@2.0.0
57 silly idealTree:prePrune │ │ ├─┬ optimist@0.3.7
57 silly idealTree:prePrune │ │ │ └── wordwrap@0.0.3
57 silly idealTree:prePrune │ │ └─┬ uglify-js@2.3.6
57 silly idealTree:prePrune │ │   ├── async@0.2.10
57 silly idealTree:prePrune │ │   └─┬ source-map@0.1.43
57 silly idealTree:prePrune │ │     └── amdefine@1.0.0
57 silly idealTree:prePrune │ ├─┬ inquirer@0.10.0
57 silly idealTree:prePrune │ │ ├── ansi-escapes@1.1.0
57 silly idealTree:prePrune │ │ ├── ansi-regex@2.0.0
57 silly idealTree:prePrune │ │ ├─┬ cli-cursor@1.0.2
57 silly idealTree:prePrune │ │ │ └─┬ restore-cursor@1.0.1
57 silly idealTree:prePrune │ │ │   ├── exit-hook@1.1.1
57 silly idealTree:prePrune │ │ │   └── onetime@1.0.0
57 silly idealTree:prePrune │ │ ├── cli-width@1.1.0
57 silly idealTree:prePrune │ │ ├── figures@1.4.0
57 silly idealTree:prePrune │ │ ├── lodash@3.10.1
57 silly idealTree:prePrune │ │ ├─┬ readline2@1.0.1
57 silly idealTree:prePrune │ │ │ ├─┬ code-point-at@1.0.0
57 silly idealTree:prePrune │ │ │ │ └── number-is-nan@1.0.0
57 silly idealTree:prePrune │ │ │ ├─┬ is-fullwidth-code-point@1.0.0
57 silly idealTree:prePrune │ │ │ │ └── number-is-nan@1.0.0
57 silly idealTree:prePrune │ │ │ └── mute-stream@0.0.5
57 silly idealTree:prePrune │ │ ├─┬ run-async@0.1.0
57 silly idealTree:prePrune │ │ │ └─┬ once@1.3.3
57 silly idealTree:prePrune │ │ │   └── wrappy@1.0.1
57 silly idealTree:prePrune │ │ ├── rx-lite@3.1.2
57 silly idealTree:prePrune │ │ ├── strip-ansi@3.0.0
57 silly idealTree:prePrune │ │ └── through@2.3.8
57 silly idealTree:prePrune │ ├─┬ insight@0.7.0
57 silly idealTree:prePrune │ │ ├── async@1.5.0
57 silly idealTree:prePrune │ │ ├─┬ configstore@1.3.0
57 silly idealTree:prePrune │ │ │ ├── graceful-fs@4.1.2
57 silly idealTree:prePrune │ │ │ ├── os-tmpdir@1.0.1
57 silly idealTree:prePrune │ │ │ ├─┬ osenv@0.1.3
57 silly idealTree:prePrune │ │ │ │ └── os-homedir@1.0.1
57 silly idealTree:prePrune │ │ │ ├── uuid@2.0.1
57 silly idealTree:prePrune │ │ │ ├─┬ write-file-atomic@1.1.4
57 silly idealTree:prePrune │ │ │ │ ├── imurmurhash@0.1.4
57 silly idealTree:prePrune │ │ │ │ └── slide@1.1.6
57 silly idealTree:prePrune │ │ │ └─┬ xdg-basedir@2.0.0
57 silly idealTree:prePrune │ │ │   └── os-homedir@1.0.1
57 silly idealTree:prePrune │ │ ├─┬ lodash.debounce@3.1.1
57 silly idealTree:prePrune │ │ │ └── lodash._getnative@3.9.1
57 silly idealTree:prePrune │ │ ├── object-assign@4.0.1
57 silly idealTree:prePrune │ │ ├─┬ os-name@1.0.3
57 silly idealTree:prePrune │ │ │ ├─┬ osx-release@1.1.0
57 silly idealTree:prePrune │ │ │ │ └── minimist@1.2.0
57 silly idealTree:prePrune │ │ │ └─┬ win-release@1.1.1
57 silly idealTree:prePrune │ │ │   └── semver@5.1.0
57 silly idealTree:prePrune │ │ └── tough-cookie@2.2.1
57 silly idealTree:prePrune │ ├── is-root@1.0.0
57 silly idealTree:prePrune │ ├── junk@1.0.2
57 silly idealTree:prePrune │ ├── lockfile@1.0.1
57 silly idealTree:prePrune │ ├── lru-cache@2.7.3
57 silly idealTree:prePrune │ ├─┬ md5-hex@1.1.0
57 silly idealTree:prePrune │ │ └── md5-o-matic@0.1.1
57 silly idealTree:prePrune │ ├─┬ mkdirp@0.5.0
57 silly idealTree:prePrune │ │ └── minimist@0.0.8
57 silly idealTree:prePrune │ ├── mout@0.11.1
57 silly idealTree:prePrune │ ├── nopt@3.0.6
57 silly idealTree:prePrune │ ├── opn@1.0.2
57 silly idealTree:prePrune │ ├─┬ p-throttler@0.1.1
57 silly idealTree:prePrune │ │ └── q@0.9.7
57 silly idealTree:prePrune │ ├─┬ promptly@0.2.0
57 silly idealTree:prePrune │ │ └─┬ read@1.0.7
57 silly idealTree:prePrune │ │   └── mute-stream@0.0.5
57 silly idealTree:prePrune │ ├── q@1.4.1
57 silly idealTree:prePrune │ ├─┬ request-progress@0.3.1
57 silly idealTree:prePrune │ │ └── throttleit@0.0.2
57 silly idealTree:prePrune │ ├─┬ request@2.53.0
57 silly idealTree:prePrune │ │ ├── aws-sign2@0.5.0
57 silly idealTree:prePrune │ │ ├─┬ bl@0.9.4
57 silly idealTree:prePrune │ │ │ └─┬ readable-stream@1.0.33
57 silly idealTree:prePrune │ │ │   ├── core-util-is@1.0.2
57 silly idealTree:prePrune │ │ │   ├── inherits@2.0.1
57 silly idealTree:prePrune │ │ │   ├── isarray@0.0.1
57 silly idealTree:prePrune │ │ │   └── string_decoder@0.10.31
57 silly idealTree:prePrune │ │ ├── caseless@0.9.0
57 silly idealTree:prePrune │ │ ├─┬ combined-stream@0.0.7
57 silly idealTree:prePrune │ │ │ └── delayed-stream@0.0.5
57 silly idealTree:prePrune │ │ ├── forever-agent@0.5.2
57 silly idealTree:prePrune │ │ ├─┬ form-data@0.2.0
57 silly idealTree:prePrune │ │ │ └── async@0.9.2
57 silly idealTree:prePrune │ │ ├─┬ hawk@2.3.1
57 silly idealTree:prePrune │ │ │ ├── boom@2.10.1
57 silly idealTree:prePrune │ │ │ ├── cryptiles@2.0.5
57 silly idealTree:prePrune │ │ │ ├── hoek@2.16.3
57 silly idealTree:prePrune │ │ │ └── sntp@1.0.9
57 silly idealTree:prePrune │ │ ├─┬ http-signature@0.10.1
57 silly idealTree:prePrune │ │ │ ├── asn1@0.1.11
57 silly idealTree:prePrune │ │ │ ├── assert-plus@0.1.5
57 silly idealTree:prePrune │ │ │ └── ctype@0.5.3
57 silly idealTree:prePrune │ │ ├── isstream@0.1.2
57 silly idealTree:prePrune │ │ ├── json-stringify-safe@5.0.1
57 silly idealTree:prePrune │ │ ├─┬ mime-types@2.0.14
57 silly idealTree:prePrune │ │ │ └── mime-db@1.12.0
57 silly idealTree:prePrune │ │ ├── node-uuid@1.4.7
57 silly idealTree:prePrune │ │ ├── oauth-sign@0.6.0
57 silly idealTree:prePrune │ │ ├── qs@2.3.3
57 silly idealTree:prePrune │ │ ├── stringstream@0.0.5
57 silly idealTree:prePrune │ │ ├── tough-cookie@2.2.1
57 silly idealTree:prePrune │ │ └── tunnel-agent@0.4.1
57 silly idealTree:prePrune │ ├── retry@0.6.1
57 silly idealTree:prePrune │ ├─┬ rimraf@2.4.4
57 silly idealTree:prePrune │ │ └─┬ glob@5.0.15
57 silly idealTree:prePrune │ │   ├─┬ inflight@1.0.4
57 silly idealTree:prePrune │ │   │ └── wrappy@1.0.1
57 silly idealTree:prePrune │ │   ├── inherits@2.0.1
57 silly idealTree:prePrune │ │   ├─┬ minimatch@3.0.0
57 silly idealTree:prePrune │ │   │ └─┬ brace-expansion@1.1.2
57 silly idealTree:prePrune │ │   │   ├── balanced-match@0.3.0
57 silly idealTree:prePrune │ │   │   └── concat-map@0.0.1
57 silly idealTree:prePrune │ │   ├─┬ once@1.3.3
57 silly idealTree:prePrune │ │   │ └── wrappy@1.0.1
57 silly idealTree:prePrune │ │   └── path-is-absolute@1.0.0
57 silly idealTree:prePrune │ ├── semver@2.3.2
57 silly idealTree:prePrune │ ├─┬ shell-quote@1.4.3
57 silly idealTree:prePrune │ │ ├── array-filter@0.0.1
57 silly idealTree:prePrune │ │ ├── array-map@0.0.0
57 silly idealTree:prePrune │ │ ├── array-reduce@0.0.0
57 silly idealTree:prePrune │ │ └── jsonify@0.0.0
57 silly idealTree:prePrune │ ├── stringify-object@1.0.1
57 silly idealTree:prePrune │ ├─┬ tar-fs@1.8.1
57 silly idealTree:prePrune │ │ ├─┬ pump@1.0.1
57 silly idealTree:prePrune │ │ │ ├── end-of-stream@1.1.0
57 silly idealTree:prePrune │ │ │ └─┬ once@1.3.3
57 silly idealTree:prePrune │ │ │   └── wrappy@1.0.1
57 silly idealTree:prePrune │ │ └─┬ tar-stream@1.3.1
57 silly idealTree:prePrune │ │   ├── bl@1.0.0
57 silly idealTree:prePrune │ │   ├─┬ end-of-stream@1.1.0
57 silly idealTree:prePrune │ │   │ └─┬ once@1.3.3
57 silly idealTree:prePrune │ │   │   └── wrappy@1.0.1
57 silly idealTree:prePrune │ │   ├─┬ readable-stream@2.0.4
57 silly idealTree:prePrune │ │   │ ├── core-util-is@1.0.2
57 silly idealTree:prePrune │ │   │ ├── inherits@2.0.1
57 silly idealTree:prePrune │ │   │ ├── isarray@0.0.1
57 silly idealTree:prePrune │ │   │ ├── process-nextick-args@1.0.6
57 silly idealTree:prePrune │ │   │ ├── string_decoder@0.10.31
57 silly idealTree:prePrune │ │   │ └── util-deprecate@1.0.2
57 silly idealTree:prePrune │ │   └── xtend@4.0.1
57 silly idealTree:prePrune │ ├── tmp@0.0.24
57 silly idealTree:prePrune │ ├─┬ update-notifier@0.3.2
57 silly idealTree:prePrune │ │ ├── is-npm@1.0.0
57 silly idealTree:prePrune │ │ ├─┬ latest-version@1.0.1
57 silly idealTree:prePrune │ │ │ └─┬ package-json@1.2.0
57 silly idealTree:prePrune │ │ │   ├─┬ got@3.3.1
57 silly idealTree:prePrune │ │ │   │ ├─┬ duplexify@3.4.2
57 silly idealTree:prePrune │ │ │   │ │ ├─┬ end-of-stream@1.0.0
57 silly idealTree:prePrune │ │ │   │ │ │ └─┬ once@1.3.3
57 silly idealTree:prePrune │ │ │   │ │ │   └── wrappy@1.0.1
57 silly idealTree:prePrune │ │ │   │ │ └─┬ readable-stream@2.0.4
57 silly idealTree:prePrune │ │ │   │ │   ├── core-util-is@1.0.2
57 silly idealTree:prePrune │ │ │   │ │   ├── inherits@2.0.1
57 silly idealTree:prePrune │ │ │   │ │   ├── isarray@0.0.1
57 silly idealTree:prePrune │ │ │   │ │   ├── process-nextick-args@1.0.6
57 silly idealTree:prePrune │ │ │   │ │   ├── string_decoder@0.10.31
57 silly idealTree:prePrune │ │ │   │ │   └── util-deprecate@1.0.2
57 silly idealTree:prePrune │ │ │   │ ├── infinity-agent@2.0.3
57 silly idealTree:prePrune │ │ │   │ ├── is-redirect@1.0.0
57 silly idealTree:prePrune │ │ │   │ ├── is-stream@1.0.1
57 silly idealTree:prePrune │ │ │   │ ├── lowercase-keys@1.0.0
57 silly idealTree:prePrune │ │ │   │ ├─┬ nested-error-stacks@1.0.2
57 silly idealTree:prePrune │ │ │   │ │ └── inherits@2.0.1
57 silly idealTree:prePrune │ │ │   │ ├── object-assign@3.0.0
57 silly idealTree:prePrune │ │ │   │ ├── prepend-http@1.0.3
57 silly idealTree:prePrune │ │ │   │ ├─┬ read-all-stream@3.0.1
57 silly idealTree:prePrune │ │ │   │ │ ├─┬ pinkie-promise@1.0.0
57 silly idealTree:prePrune │ │ │   │ │ │ └── pinkie@1.0.0
57 silly idealTree:prePrune │ │ │   │ │ └─┬ readable-stream@2.0.4
57 silly idealTree:prePrune │ │ │   │ │   ├── core-util-is@1.0.2
57 silly idealTree:prePrune │ │ │   │ │   ├── inherits@2.0.1
57 silly idealTree:prePrune │ │ │   │ │   ├── isarray@0.0.1
57 silly idealTree:prePrune │ │ │   │ │   ├── process-nextick-args@1.0.6
57 silly idealTree:prePrune │ │ │   │ │   ├── string_decoder@0.10.31
57 silly idealTree:prePrune │ │ │   │ │   └── util-deprecate@1.0.2
57 silly idealTree:prePrune │ │ │   │ └── timed-out@2.0.0
57 silly idealTree:prePrune │ │ │   └─┬ registry-url@3.0.3
57 silly idealTree:prePrune │ │ │     └─┬ rc@1.1.5
57 silly idealTree:prePrune │ │ │       ├── deep-extend@0.4.0
57 silly idealTree:prePrune │ │ │       ├── ini@1.3.4
57 silly idealTree:prePrune │ │ │       ├── minimist@1.2.0
57 silly idealTree:prePrune │ │ │       └── strip-json-comments@1.0.4
57 silly idealTree:prePrune │ │ ├─┬ semver-diff@2.1.0
57 silly idealTree:prePrune │ │ │ └── semver@5.1.0
57 silly idealTree:prePrune │ │ └─┬ string-length@1.0.1
57 silly idealTree:prePrune │ │   └─┬ strip-ansi@3.0.0
57 silly idealTree:prePrune │ │     └── ansi-regex@2.0.0
57 silly idealTree:prePrune │ ├── user-home@1.1.1
57 silly idealTree:prePrune │ └─┬ which@1.2.0
57 silly idealTree:prePrune │   └─┬ is-absolute@0.1.7
57 silly idealTree:prePrune │     └── is-relative@0.1.3
57 silly idealTree:prePrune ├── brace-expansion@1.1.2
57 silly idealTree:prePrune ├── builtin-modules@1.1.0
57 silly idealTree:prePrune ├─┬ bunyan@1.5.1
57 silly idealTree:prePrune │ ├── dtrace-provider@0.6.0
57 silly idealTree:prePrune │ └── nan@2.1.0
57 silly idealTree:prePrune ├── bytes@2.1.0
57 silly idealTree:prePrune ├── camelcase-keys@1.0.0
57 silly idealTree:prePrune ├── camelcase@1.2.1
57 silly idealTree:prePrune ├── chalk@1.1.1
57 silly idealTree:prePrune ├── clone-stats@0.0.1
57 silly idealTree:prePrune ├── clone@1.0.2
57 silly idealTree:prePrune ├── commander@2.1.0
57 silly idealTree:prePrune ├── concat-map@0.0.1
57 silly idealTree:prePrune ├── concat-with-sourcemaps@1.0.4
57 silly idealTree:prePrune ├── content-disposition@0.5.0
57 silly idealTree:prePrune ├── content-type@1.0.1
57 silly idealTree:prePrune ├── cookie-signature@1.0.6
57 silly idealTree:prePrune ├── cookie@0.1.3
57 silly idealTree:prePrune ├── core-util-is@1.0.1
57 silly idealTree:prePrune ├── cors@2.5.3
57 silly idealTree:prePrune ├── csv-generate@0.0.6
57 silly idealTree:prePrune ├── csv-parse@1.0.1
57 silly idealTree:prePrune ├── csv-stringify@0.0.8
57 silly idealTree:prePrune ├── csv@0.4.6
57 silly idealTree:prePrune ├── ctype@0.5.3
57 silly idealTree:prePrune ├── dateformat@1.0.11
57 silly idealTree:prePrune ├── deap@1.0.0
57 silly idealTree:prePrune ├── debug@2.2.0
57 silly idealTree:prePrune ├── decamelize@1.1.1
57 silly idealTree:prePrune ├── deep-equal@0.2.2
57 silly idealTree:prePrune ├── defaults@1.0.3
57 silly idealTree:prePrune ├── depd@1.1.0
57 silly idealTree:prePrune ├── deprecated@0.0.1
57 silly idealTree:prePrune ├── destroy@1.0.3
57 silly idealTree:prePrune ├─┬ dtrace-provider@0.3.2
57 silly idealTree:prePrune │ └── nan@1.3.0
57 silly idealTree:prePrune ├── duplexer2@0.0.2
57 silly idealTree:prePrune ├─┬ duplexify@3.4.2
57 silly idealTree:prePrune │ ├── end-of-stream@1.0.0
57 silly idealTree:prePrune │ └── readable-stream@2.0.4
57 silly idealTree:prePrune ├── ee-first@1.1.1
57 silly idealTree:prePrune ├── end-of-stream@0.1.5
57 silly idealTree:prePrune ├── error-ex@1.3.0
57 silly idealTree:prePrune ├── escape-html@1.0.2
57 silly idealTree:prePrune ├── escape-regexp-component@1.0.2
57 silly idealTree:prePrune ├── escape-string-regexp@1.0.3
57 silly idealTree:prePrune ├── etag@1.7.0
57 silly idealTree:prePrune ├─┬ express@4.13.3
57 silly idealTree:prePrune │ ├── depd@1.0.1
57 silly idealTree:prePrune │ ├── qs@4.0.0
57 silly idealTree:prePrune │ └── vary@1.0.1
57 silly idealTree:prePrune ├── extend@2.0.1
57 silly idealTree:prePrune ├── extsprintf@1.2.0
57 silly idealTree:prePrune ├── fancy-log@1.1.0
57 silly idealTree:prePrune ├── finalhandler@0.4.0
57 silly idealTree:prePrune ├── find-index@0.1.1
57 silly idealTree:prePrune ├── find-up@1.0.0
57 silly idealTree:prePrune ├── findup-sync@0.3.0
57 silly idealTree:prePrune ├── first-chunk-stream@1.0.0
57 silly idealTree:prePrune ├── flagged-respawn@0.3.1
57 silly idealTree:prePrune ├── formidable@1.0.17
57 silly idealTree:prePrune ├── forwarded@0.1.0
57 silly idealTree:prePrune ├── fresh@0.3.0
57 silly idealTree:prePrune ├── gaze@0.5.2
57 silly idealTree:prePrune ├── get-stdin@5.0.0
57 silly idealTree:prePrune ├─┬ glob-stream@3.1.18
57 silly idealTree:prePrune │ ├── glob@4.5.3
57 silly idealTree:prePrune │ ├── minimatch@2.0.10
57 silly idealTree:prePrune │ ├── readable-stream@1.0.33
57 silly idealTree:prePrune │ └── through2@0.6.5
57 silly idealTree:prePrune ├── glob-watcher@0.0.6
57 silly idealTree:prePrune ├── glob@5.0.15
57 silly idealTree:prePrune ├── glob2base@0.0.12
57 silly idealTree:prePrune ├─┬ globby@2.1.0
57 silly idealTree:prePrune │ └── async@1.5.0
57 silly idealTree:prePrune ├─┬ globule@0.1.0
57 silly idealTree:prePrune │ ├── glob@3.1.21
57 silly idealTree:prePrune │ ├── graceful-fs@1.2.3
57 silly idealTree:prePrune │ ├── inherits@1.0.2
57 silly idealTree:prePrune │ └── minimatch@0.2.14
57 silly idealTree:prePrune ├── glogg@1.0.0
57 silly idealTree:prePrune ├── graceful-fs@4.1.2
57 silly idealTree:prePrune ├─┬ gulp-concat@2.6.0
57 silly idealTree:prePrune │ ├── readable-stream@1.0.33
57 silly idealTree:prePrune │ └── through2@0.6.5
57 silly idealTree:prePrune ├── gulp-uglify@1.4.2
57 silly idealTree:prePrune ├─┬ gulp-util@3.0.7
57 silly idealTree:prePrune │ └── minimist@1.2.0
57 silly idealTree:prePrune ├─┬ gulp@3.9.0
57 silly idealTree:prePrune │ ├── minimist@1.2.0
57 silly idealTree:prePrune │ └── semver@4.3.6
57 silly idealTree:prePrune ├── gulplog@1.0.0
57 silly idealTree:prePrune ├── has-ansi@2.0.0
57 silly idealTree:prePrune ├── has-gulplog@0.1.0
57 silly idealTree:prePrune ├── hosted-git-info@2.1.4
57 silly idealTree:prePrune ├── http-errors@1.3.1
57 silly idealTree:prePrune ├── http-signature@0.10.1
57 silly idealTree:prePrune ├── iconv-lite@0.4.12
57 silly idealTree:prePrune ├── indent-string@2.1.0
57 silly idealTree:prePrune ├── inflight@1.0.4
57 silly idealTree:prePrune ├── inherits@2.0.1
57 silly idealTree:prePrune ├── interpret@0.6.6
57 silly idealTree:prePrune ├── ipaddr.js@1.0.4
57 silly idealTree:prePrune ├── is-arrayish@0.2.1
57 silly idealTree:prePrune ├── is-builtin-module@1.0.0
57 silly idealTree:prePrune ├── is-finite@1.0.1
57 silly idealTree:prePrune ├── is-utf8@0.2.0
57 silly idealTree:prePrune ├── isarray@0.0.1
57 silly idealTree:prePrune ├── isobject@2.0.0
57 silly idealTree:prePrune ├── keep-alive-agent@0.0.1
57 silly idealTree:prePrune ├── liftoff@2.2.0
57 silly idealTree:prePrune ├── load-json-file@1.0.1
57 silly idealTree:prePrune ├── lodash._basecopy@3.0.1
57 silly idealTree:prePrune ├── lodash._basetostring@3.0.1
57 silly idealTree:prePrune ├── lodash._basevalues@3.0.0
57 silly idealTree:prePrune ├── lodash._getnative@3.9.1
57 silly idealTree:prePrune ├── lodash._isiterateecall@3.0.9
57 silly idealTree:prePrune ├── lodash._reescape@3.0.0
57 silly idealTree:prePrune ├── lodash._reevaluate@3.0.0
57 silly idealTree:prePrune ├── lodash._reinterpolate@3.0.0
57 silly idealTree:prePrune ├── lodash.escape@3.0.0
57 silly idealTree:prePrune ├── lodash.isarguments@3.0.4
57 silly idealTree:prePrune ├── lodash.isarray@3.0.4
57 silly idealTree:prePrune ├── lodash.keys@3.1.2
57 silly idealTree:prePrune ├── lodash.restparam@3.6.1
57 silly idealTree:prePrune ├── lodash.template@3.6.2
57 silly idealTree:prePrune ├── lodash.templatesettings@3.1.0
57 silly idealTree:prePrune ├── lodash@1.0.2
57 silly idealTree:prePrune ├── loud-rejection@1.0.0
57 silly idealTree:prePrune ├── lru-cache@2.7.3
57 silly idealTree:prePrune ├─┬ main-bower-files@2.9.0
57 silly idealTree:prePrune │ ├── clone@0.2.0
57 silly idealTree:prePrune │ ├── glob-stream@4.1.1
57 silly idealTree:prePrune │ ├── glob-watcher@0.0.8
57 silly idealTree:prePrune │ ├── glob@4.5.3
57 silly idealTree:prePrune │ ├── graceful-fs@3.0.8
57 silly idealTree:prePrune │ ├── minimatch@2.0.10
57 silly idealTree:prePrune │ ├── object-assign@2.1.1
57 silly idealTree:prePrune │ ├── path-exists@1.0.0
57 silly idealTree:prePrune │ ├── readable-stream@1.0.33
57 silly idealTree:prePrune │ ├── strip-bom@1.0.0
57 silly idealTree:prePrune │ ├── through2@0.6.5
57 silly idealTree:prePrune │ ├── unique-stream@2.2.0
57 silly idealTree:prePrune │ ├── vinyl-fs@1.0.0
57 silly idealTree:prePrune │ └── vinyl@0.4.6
57 silly idealTree:prePrune ├── map-obj@1.0.1
57 silly idealTree:prePrune ├── media-typer@0.3.0
57 silly idealTree:prePrune ├─┬ meow@3.5.0
57 silly idealTree:prePrune │ ├── minimist@1.2.0
57 silly idealTree:prePrune │ └── object-assign@4.0.1
57 silly idealTree:prePrune ├── merge-descriptors@1.0.0
57 silly idealTree:prePrune ├─┬ merge-stream@0.1.8
57 silly idealTree:prePrune │ ├── readable-stream@1.0.33
57 silly idealTree:prePrune │ └── through2@0.6.5
57 silly idealTree:prePrune ├── methods@1.1.1
57 silly idealTree:prePrune ├── mime-db@1.20.0
57 silly idealTree:prePrune ├── mime-types@2.1.8
57 silly idealTree:prePrune ├── mime@1.3.4
57 silly idealTree:prePrune ├── minimatch@3.0.0
57 silly idealTree:prePrune ├── minimist@0.0.10
57 silly idealTree:prePrune ├─┬ mkdirp@0.5.1
57 silly idealTree:prePrune │ └── minimist@0.0.8
57 silly idealTree:prePrune ├── ms@0.7.1
57 silly idealTree:prePrune ├── msgpack@1.0.2
57 silly idealTree:prePrune ├─┬ msgpack5@3.2.0
57 silly idealTree:prePrune │ └── readable-stream@2.0.4
57 silly idealTree:prePrune ├─┬ multimatch@2.0.0
57 silly idealTree:prePrune │ └── minimatch@2.0.10
57 silly idealTree:prePrune ├── multipipe@0.1.2
57 silly idealTree:prePrune ├── mv@2.1.1
57 silly idealTree:prePrune ├── nan@2.1.0
57 silly idealTree:prePrune ├── ncp@2.0.0
57 silly idealTree:prePrune ├── negotiator@0.5.3
57 silly idealTree:prePrune ├── node-uuid@1.4.7
57 silly idealTree:prePrune ├── nodelua@0.3.3
57 silly idealTree:prePrune ├── normalize-package-data@2.3.5
57 silly idealTree:prePrune ├── number-is-nan@1.0.0
57 silly idealTree:prePrune ├── object-assign@3.0.0
57 silly idealTree:prePrune ├── on-finished@2.3.0
57 silly idealTree:prePrune ├── once@1.3.3
57 silly idealTree:prePrune ├── optimist@0.6.1
57 silly idealTree:prePrune ├── options@0.0.6
57 silly idealTree:prePrune ├── orchestrator@0.3.7
57 silly idealTree:prePrune ├── ordered-read-streams@0.1.0
57 silly idealTree:prePrune ├── os-homedir@1.0.1
57 silly idealTree:prePrune ├── parse-json@2.2.0
57 silly idealTree:prePrune ├── parseurl@1.3.0
57 silly idealTree:prePrune ├── path-exists@2.0.0
57 silly idealTree:prePrune ├── path-is-absolute@1.0.0
57 silly idealTree:prePrune ├── path-to-regexp@0.1.7
57 silly idealTree:prePrune ├── path-type@1.0.0
57 silly idealTree:prePrune ├── peer@0.2.8
57 silly idealTree:prePrune ├── pify@2.3.0
57 silly idealTree:prePrune ├── pinkie-promise@1.0.0
57 silly idealTree:prePrune ├── pinkie@1.0.0
57 silly idealTree:prePrune ├── precond@0.2.3
57 silly idealTree:prePrune ├── pretty-hrtime@1.0.1
57 silly idealTree:prePrune ├── process-nextick-args@1.0.3
57 silly idealTree:prePrune ├── proxy-addr@1.0.9
57 silly idealTree:prePrune ├── qs@5.1.0
57 silly idealTree:prePrune ├── range-parser@1.0.3
57 silly idealTree:prePrune ├─┬ raw-body@2.1.5
57 silly idealTree:prePrune │ ├── bytes@2.2.0
57 silly idealTree:prePrune │ └── iconv-lite@0.4.13
57 silly idealTree:prePrune ├── read-pkg-up@1.0.1
57 silly idealTree:prePrune ├── read-pkg@1.1.0
57 silly idealTree:prePrune ├── readable-stream@1.1.13
57 silly idealTree:prePrune ├── rechoir@0.6.2
57 silly idealTree:prePrune ├── redent@1.0.0
57 silly idealTree:prePrune ├── repeating@2.0.0
57 silly idealTree:prePrune ├── replace-ext@0.0.1
57 silly idealTree:prePrune ├── resolve@1.1.6
57 silly idealTree:prePrune ├─┬ restify@2.8.5
57 silly idealTree:prePrune │ ├── negotiator@0.4.9
57 silly idealTree:prePrune │ └── qs@1.2.2
57 silly idealTree:prePrune ├── rimraf@2.4.4
57 silly idealTree:prePrune ├── safe-json-stringify@1.0.3
57 silly idealTree:prePrune ├── semver@2.3.2
57 silly idealTree:prePrune ├─┬ send@0.13.0
57 silly idealTree:prePrune │ └── depd@1.0.1
57 silly idealTree:prePrune ├── sequencify@0.0.7
57 silly idealTree:prePrune ├── serve-static@1.10.0
57 silly idealTree:prePrune ├── sigmund@1.0.1
57 silly idealTree:prePrune ├── source-map@0.5.3
57 silly idealTree:prePrune ├── sparkles@1.0.0
57 silly idealTree:prePrune ├── spdx-correct@1.0.2
57 silly idealTree:prePrune ├── spdx-exceptions@1.0.4
57 silly idealTree:prePrune ├── spdx-expression-parse@1.0.1
57 silly idealTree:prePrune ├── spdx-license-ids@1.1.0
57 silly idealTree:prePrune ├── spdy@1.32.5
57 silly idealTree:prePrune ├── statuses@1.2.1
57 silly idealTree:prePrune ├── stream-consume@0.1.0
57 silly idealTree:prePrune ├── stream-transform@0.1.1
57 silly idealTree:prePrune ├── string_decoder@0.10.31
57 silly idealTree:prePrune ├── strip-ansi@3.0.0
57 silly idealTree:prePrune ├── strip-bom@2.0.0
57 silly idealTree:prePrune ├─┬ strip-indent@1.0.1
57 silly idealTree:prePrune │ └── get-stdin@4.0.1
57 silly idealTree:prePrune ├── strip-json-comments@1.0.4
57 silly idealTree:prePrune ├── supports-color@2.0.0
57 silly idealTree:prePrune ├── through2-filter@2.0.0
57 silly idealTree:prePrune ├─┬ through2@2.0.0
57 silly idealTree:prePrune │ └── readable-stream@2.0.4
57 silly idealTree:prePrune ├── tildify@1.1.2
57 silly idealTree:prePrune ├── tinycolor@0.0.1
57 silly idealTree:prePrune ├── trim-newlines@1.0.0
57 silly idealTree:prePrune ├── tunnel-agent@0.4.2
57 silly idealTree:prePrune ├── type-is@1.6.10
57 silly idealTree:prePrune ├── uglify-js@2.5.0
57 silly idealTree:prePrune ├── uglify-save-license@0.4.1
57 silly idealTree:prePrune ├── uglify-to-browserify@1.0.2
57 silly idealTree:prePrune ├── underscore@1.8.3
57 silly idealTree:prePrune ├── unique-stream@1.0.0
57 silly idealTree:prePrune ├── unpipe@1.0.0
57 silly idealTree:prePrune ├── user-home@1.1.1
57 silly idealTree:prePrune ├── util-deprecate@1.0.2
57 silly idealTree:prePrune ├── utils-merge@1.0.0
57 silly idealTree:prePrune ├── v8flags@2.0.10
57 silly idealTree:prePrune ├── validate-npm-package-license@3.0.1
57 silly idealTree:prePrune ├── vary@1.1.0
57 silly idealTree:prePrune ├── verror@1.6.0
57 silly idealTree:prePrune ├─┬ vinyl-fs@0.3.14
57 silly idealTree:prePrune │ ├── clone@0.2.0
57 silly idealTree:prePrune │ ├── graceful-fs@3.0.8
57 silly idealTree:prePrune │ ├── readable-stream@1.0.33
57 silly idealTree:prePrune │ ├── strip-bom@1.0.0
57 silly idealTree:prePrune │ ├── through2@0.6.5
57 silly idealTree:prePrune │ └── vinyl@0.4.6
57 silly idealTree:prePrune ├── vinyl-sourcemaps-apply@0.2.0
57 silly idealTree:prePrune ├── vinyl@0.5.3
57 silly idealTree:prePrune ├── window-size@0.1.0
57 silly idealTree:prePrune ├── wordwrap@0.0.3
57 silly idealTree:prePrune ├── wrappy@1.0.1
57 silly idealTree:prePrune ├─┬ ws@0.4.32
57 silly idealTree:prePrune │ └── nan@1.0.0
57 silly idealTree:prePrune ├── xtend@4.0.1
57 silly idealTree:prePrune ├─┬ yargs@3.5.4
57 silly idealTree:prePrune │ └── wordwrap@0.0.2
57 silly idealTree:prePrune └─┬ zmq@2.14.0
57 silly idealTree:prePrune   └── nan@2.0.9
58 silly loadIdealTree Finishing
59 silly currentTree sur@0.2.0
59 silly currentTree ├── accepts@1.2.13
59 silly currentTree ├── ansi-regex@2.0.0
59 silly currentTree ├── ansi-styles@2.1.0
59 silly currentTree ├── archy@1.0.0
59 silly currentTree ├── array-differ@1.0.0
59 silly currentTree ├── array-flatten@1.1.1
59 silly currentTree ├── array-union@1.0.1
59 silly currentTree ├── array-uniq@1.0.2
59 silly currentTree ├── asn1@0.1.11
59 silly currentTree ├── assert-plus@0.1.5
59 silly currentTree ├── async@0.2.10
59 silly currentTree ├── backoff@2.4.1
59 silly currentTree ├── balanced-match@0.3.0
59 silly currentTree ├── beeper@1.1.0
59 silly currentTree ├── bindings@1.2.1
59 silly currentTree ├─┬ bl@1.0.0
59 silly currentTree │ └── readable-stream@2.0.4
59 silly currentTree ├── body-parser@1.14.1
59 silly currentTree ├─┬ bower@1.7.0
59 silly currentTree │ ├── abbrev@1.0.7
59 silly currentTree │ ├── archy@1.0.0
59 silly currentTree │ ├─┬ bower-config@1.3.0
59 silly currentTree │ │ ├── graceful-fs@4.1.2
59 silly currentTree │ │ ├─┬ optimist@0.6.1
59 silly currentTree │ │ │ ├── minimist@0.0.10
59 silly currentTree │ │ │ └── wordwrap@0.0.3
59 silly currentTree │ │ ├─┬ osenv@0.1.3
59 silly currentTree │ │ │ ├── os-homedir@1.0.1
59 silly currentTree │ │ │ └── os-tmpdir@1.0.1
59 silly currentTree │ │ └─┬ untildify@2.1.0
59 silly currentTree │ │   └── os-homedir@1.0.1
59 silly currentTree │ ├── bower-endpoint-parser@0.2.2
59 silly currentTree │ ├─┬ bower-json@0.4.0
59 silly currentTree │ │ ├── deep-extend@0.2.11
59 silly currentTree │ │ ├── graceful-fs@2.0.3
59 silly currentTree │ │ └── intersect@0.0.3
59 silly currentTree │ ├── bower-logger@0.2.2
59 silly currentTree │ ├─┬ bower-registry-client@1.0.0
59 silly currentTree │ │ ├── async@0.2.10
59 silly currentTree │ │ ├── graceful-fs@4.1.2
59 silly currentTree │ │ ├── mkdirp@0.3.5
59 silly currentTree │ │ └── request-replay@0.2.0
59 silly currentTree │ ├─┬ cardinal@0.4.4
59 silly currentTree │ │ ├── ansicolors@0.2.1
59 silly currentTree │ │ └─┬ redeyed@0.4.4
59 silly currentTree │ │   └── esprima@1.0.4
59 silly currentTree │ ├─┬ chalk@1.1.1
59 silly currentTree │ │ ├── ansi-styles@2.1.0
59 silly currentTree │ │ ├── escape-string-regexp@1.0.3
59 silly currentTree │ │ ├─┬ has-ansi@2.0.0
59 silly currentTree │ │ │ └── ansi-regex@2.0.0
59 silly currentTree │ │ ├─┬ strip-ansi@3.0.0
59 silly currentTree │ │ │ └── ansi-regex@2.0.0
59 silly currentTree │ │ └── supports-color@2.0.0
59 silly currentTree │ ├── chmodr@1.0.2
59 silly currentTree │ ├─┬ configstore@0.3.2
59 silly currentTree │ │ ├─┬ js-yaml@3.4.6
59 silly currentTree │ │ │ ├─┬ argparse@1.0.3
59 silly currentTree │ │ │ │ ├── lodash@3.10.1
59 silly currentTree │ │ │ │ └── sprintf-js@1.0.3
59 silly currentTree │ │ │ ├── esprima@2.7.0
59 silly currentTree │ │ │ └── inherit@2.2.2
59 silly currentTree │ │ ├── object-assign@2.1.1
59 silly currentTree │ │ ├─┬ osenv@0.1.3
59 silly currentTree │ │ │ ├── os-homedir@1.0.1
59 silly currentTree │ │ │ └── os-tmpdir@1.0.1
59 silly currentTree │ │ ├── uuid@2.0.1
59 silly currentTree │ │ └── xdg-basedir@1.0.1
59 silly currentTree │ ├─┬ decompress-zip@0.1.0
59 silly currentTree │ │ ├─┬ binary@0.3.0
59 silly currentTree │ │ │ ├── buffers@0.1.1
59 silly currentTree │ │ │ └─┬ chainsaw@0.1.0
59 silly currentTree │ │ │   └── traverse@0.3.9
59 silly currentTree │ │ ├── mkpath@0.1.0
59 silly currentTree │ │ ├─┬ readable-stream@1.1.13
59 silly currentTree │ │ │ ├── core-util-is@1.0.2
59 silly currentTree │ │ │ ├── inherits@2.0.1
59 silly currentTree │ │ │ ├── isarray@0.0.1
59 silly currentTree │ │ │ └── string_decoder@0.10.31
59 silly currentTree │ │ └─┬ touch@0.0.3
59 silly currentTree │ │   └── nopt@1.0.10
59 silly currentTree │ ├── destroy@1.0.3
59 silly currentTree │ ├─┬ fs-write-stream-atomic@1.0.5
59 silly currentTree │ │ ├── graceful-fs@4.1.2
59 silly currentTree │ │ └── imurmurhash@0.1.4
59 silly currentTree │ ├─┬ fstream-ignore@1.0.3
59 silly currentTree │ │ ├── inherits@2.0.1
59 silly currentTree │ │ └─┬ minimatch@3.0.0
59 silly currentTree │ │   └─┬ brace-expansion@1.1.2
59 silly currentTree │ │     ├── balanced-match@0.3.0
59 silly currentTree │ │     └── concat-map@0.0.1
59 silly currentTree │ ├─┬ fstream@1.0.8
59 silly currentTree │ │ ├── graceful-fs@4.1.2
59 silly currentTree │ │ └── inherits@2.0.1
59 silly currentTree │ ├─┬ github@0.2.4
59 silly currentTree │ │ └── mime@1.3.4
59 silly currentTree │ ├─┬ glob@4.5.3
59 silly currentTree │ │ ├─┬ inflight@1.0.4
59 silly currentTree │ │ │ └── wrappy@1.0.1
59 silly currentTree │ │ ├── inherits@2.0.1
59 silly currentTree │ │ ├─┬ minimatch@2.0.10
59 silly currentTree │ │ │ └─┬ brace-expansion@1.1.2
59 silly currentTree │ │ │   ├── balanced-match@0.3.0
59 silly currentTree │ │ │   └── concat-map@0.0.1
59 silly currentTree │ │ └─┬ once@1.3.3
59 silly currentTree │ │   └── wrappy@1.0.1
59 silly currentTree │ ├── graceful-fs@3.0.8
59 silly currentTree │ ├─┬ handlebars@2.0.0
59 silly currentTree │ │ ├─┬ optimist@0.3.7
59 silly currentTree │ │ │ └── wordwrap@0.0.3
59 silly currentTree │ │ └─┬ uglify-js@2.3.6
59 silly currentTree │ │   ├── async@0.2.10
59 silly currentTree │ │   └─┬ source-map@0.1.43
59 silly currentTree │ │     └── amdefine@1.0.0
59 silly currentTree │ ├─┬ inquirer@0.10.0
59 silly currentTree │ │ ├── ansi-escapes@1.1.0
59 silly currentTree │ │ ├── ansi-regex@2.0.0
59 silly currentTree │ │ ├─┬ cli-cursor@1.0.2
59 silly currentTree │ │ │ └─┬ restore-cursor@1.0.1
59 silly currentTree │ │ │   ├── exit-hook@1.1.1
59 silly currentTree │ │ │   └── onetime@1.0.0
59 silly currentTree │ │ ├── cli-width@1.1.0
59 silly currentTree │ │ ├── figures@1.4.0
59 silly currentTree │ │ ├── lodash@3.10.1
59 silly currentTree │ │ ├─┬ readline2@1.0.1
59 silly currentTree │ │ │ ├─┬ code-point-at@1.0.0
59 silly currentTree │ │ │ │ └── number-is-nan@1.0.0
59 silly currentTree │ │ │ ├─┬ is-fullwidth-code-point@1.0.0
59 silly currentTree │ │ │ │ └── number-is-nan@1.0.0
59 silly currentTree │ │ │ └── mute-stream@0.0.5
59 silly currentTree │ │ ├─┬ run-async@0.1.0
59 silly currentTree │ │ │ └─┬ once@1.3.3
59 silly currentTree │ │ │   └── wrappy@1.0.1
59 silly currentTree │ │ ├── rx-lite@3.1.2
59 silly currentTree │ │ ├── strip-ansi@3.0.0
59 silly currentTree │ │ └── through@2.3.8
59 silly currentTree │ ├─┬ insight@0.7.0
59 silly currentTree │ │ ├── async@1.5.0
59 silly currentTree │ │ ├─┬ configstore@1.3.0
59 silly currentTree │ │ │ ├── graceful-fs@4.1.2
59 silly currentTree │ │ │ ├── os-tmpdir@1.0.1
59 silly currentTree │ │ │ ├─┬ osenv@0.1.3
59 silly currentTree │ │ │ │ └── os-homedir@1.0.1
59 silly currentTree │ │ │ ├── uuid@2.0.1
59 silly currentTree │ │ │ ├─┬ write-file-atomic@1.1.4
59 silly currentTree │ │ │ │ ├── imurmurhash@0.1.4
59 silly currentTree │ │ │ │ └── slide@1.1.6
59 silly currentTree │ │ │ └─┬ xdg-basedir@2.0.0
59 silly currentTree │ │ │   └── os-homedir@1.0.1
59 silly currentTree │ │ ├─┬ lodash.debounce@3.1.1
59 silly currentTree │ │ │ └── lodash._getnative@3.9.1
59 silly currentTree │ │ ├── object-assign@4.0.1
59 silly currentTree │ │ ├─┬ os-name@1.0.3
59 silly currentTree │ │ │ ├─┬ osx-release@1.1.0
59 silly currentTree │ │ │ │ └── minimist@1.2.0
59 silly currentTree │ │ │ └─┬ win-release@1.1.1
59 silly currentTree │ │ │   └── semver@5.1.0
59 silly currentTree │ │ └── tough-cookie@2.2.1
59 silly currentTree │ ├── is-root@1.0.0
59 silly currentTree │ ├── junk@1.0.2
59 silly currentTree │ ├── lockfile@1.0.1
59 silly currentTree │ ├── lru-cache@2.7.3
59 silly currentTree │ ├─┬ md5-hex@1.1.0
59 silly currentTree │ │ └── md5-o-matic@0.1.1
59 silly currentTree │ ├─┬ mkdirp@0.5.0
59 silly currentTree │ │ └── minimist@0.0.8
59 silly currentTree │ ├── mout@0.11.1
59 silly currentTree │ ├── nopt@3.0.6
59 silly currentTree │ ├── opn@1.0.2
59 silly currentTree │ ├─┬ p-throttler@0.1.1
59 silly currentTree │ │ └── q@0.9.7
59 silly currentTree │ ├─┬ promptly@0.2.0
59 silly currentTree │ │ └─┬ read@1.0.7
59 silly currentTree │ │   └── mute-stream@0.0.5
59 silly currentTree │ ├── q@1.4.1
59 silly currentTree │ ├─┬ request-progress@0.3.1
59 silly currentTree │ │ └── throttleit@0.0.2
59 silly currentTree │ ├─┬ request@2.53.0
59 silly currentTree │ │ ├── aws-sign2@0.5.0
59 silly currentTree │ │ ├─┬ bl@0.9.4
59 silly currentTree │ │ │ └─┬ readable-stream@1.0.33
59 silly currentTree │ │ │   ├── core-util-is@1.0.2
59 silly currentTree │ │ │   ├── inherits@2.0.1
59 silly currentTree │ │ │   ├── isarray@0.0.1
59 silly currentTree │ │ │   └── string_decoder@0.10.31
59 silly currentTree │ │ ├── caseless@0.9.0
59 silly currentTree │ │ ├─┬ combined-stream@0.0.7
59 silly currentTree │ │ │ └── delayed-stream@0.0.5
59 silly currentTree │ │ ├── forever-agent@0.5.2
59 silly currentTree │ │ ├─┬ form-data@0.2.0
59 silly currentTree │ │ │ └── async@0.9.2
59 silly currentTree │ │ ├─┬ hawk@2.3.1
59 silly currentTree │ │ │ ├── boom@2.10.1
59 silly currentTree │ │ │ ├── cryptiles@2.0.5
59 silly currentTree │ │ │ ├── hoek@2.16.3
59 silly currentTree │ │ │ └── sntp@1.0.9
59 silly currentTree │ │ ├─┬ http-signature@0.10.1
59 silly currentTree │ │ │ ├── asn1@0.1.11
59 silly currentTree │ │ │ ├── assert-plus@0.1.5
59 silly currentTree │ │ │ └── ctype@0.5.3
59 silly currentTree │ │ ├── isstream@0.1.2
59 silly currentTree │ │ ├── json-stringify-safe@5.0.1
59 silly currentTree │ │ ├─┬ mime-types@2.0.14
59 silly currentTree │ │ │ └── mime-db@1.12.0
59 silly currentTree │ │ ├── node-uuid@1.4.7
59 silly currentTree │ │ ├── oauth-sign@0.6.0
59 silly currentTree │ │ ├── qs@2.3.3
59 silly currentTree │ │ ├── stringstream@0.0.5
59 silly currentTree │ │ ├── tough-cookie@2.2.1
59 silly currentTree │ │ └── tunnel-agent@0.4.1
59 silly currentTree │ ├── retry@0.6.1
59 silly currentTree │ ├─┬ rimraf@2.4.4
59 silly currentTree │ │ └─┬ glob@5.0.15
59 silly currentTree │ │   ├─┬ inflight@1.0.4
59 silly currentTree │ │   │ └── wrappy@1.0.1
59 silly currentTree │ │   ├── inherits@2.0.1
59 silly currentTree │ │   ├─┬ minimatch@3.0.0
59 silly currentTree │ │   │ └─┬ brace-expansion@1.1.2
59 silly currentTree │ │   │   ├── balanced-match@0.3.0
59 silly currentTree │ │   │   └── concat-map@0.0.1
59 silly currentTree │ │   ├─┬ once@1.3.3
59 silly currentTree │ │   │ └── wrappy@1.0.1
59 silly currentTree │ │   └── path-is-absolute@1.0.0
59 silly currentTree │ ├── semver@2.3.2
59 silly currentTree │ ├─┬ shell-quote@1.4.3
59 silly currentTree │ │ ├── array-filter@0.0.1
59 silly currentTree │ │ ├── array-map@0.0.0
59 silly currentTree │ │ ├── array-reduce@0.0.0
59 silly currentTree │ │ └── jsonify@0.0.0
59 silly currentTree │ ├── stringify-object@1.0.1
59 silly currentTree │ ├─┬ tar-fs@1.8.1
59 silly currentTree │ │ ├─┬ pump@1.0.1
59 silly currentTree │ │ │ ├── end-of-stream@1.1.0
59 silly currentTree │ │ │ └─┬ once@1.3.3
59 silly currentTree │ │ │   └── wrappy@1.0.1
59 silly currentTree │ │ └─┬ tar-stream@1.3.1
59 silly currentTree │ │   ├── bl@1.0.0
59 silly currentTree │ │   ├─┬ end-of-stream@1.1.0
59 silly currentTree │ │   │ └─┬ once@1.3.3
59 silly currentTree │ │   │   └── wrappy@1.0.1
59 silly currentTree │ │   ├─┬ readable-stream@2.0.4
59 silly currentTree │ │   │ ├── core-util-is@1.0.2
59 silly currentTree │ │   │ ├── inherits@2.0.1
59 silly currentTree │ │   │ ├── isarray@0.0.1
59 silly currentTree │ │   │ ├── process-nextick-args@1.0.6
59 silly currentTree │ │   │ ├── string_decoder@0.10.31
59 silly currentTree │ │   │ └── util-deprecate@1.0.2
59 silly currentTree │ │   └── xtend@4.0.1
59 silly currentTree │ ├── tmp@0.0.24
59 silly currentTree │ ├─┬ update-notifier@0.3.2
59 silly currentTree │ │ ├── is-npm@1.0.0
59 silly currentTree │ │ ├─┬ latest-version@1.0.1
59 silly currentTree │ │ │ └─┬ package-json@1.2.0
59 silly currentTree │ │ │   ├─┬ got@3.3.1
59 silly currentTree │ │ │   │ ├─┬ duplexify@3.4.2
59 silly currentTree │ │ │   │ │ ├─┬ end-of-stream@1.0.0
59 silly currentTree │ │ │   │ │ │ └─┬ once@1.3.3
59 silly currentTree │ │ │   │ │ │   └── wrappy@1.0.1
59 silly currentTree │ │ │   │ │ └─┬ readable-stream@2.0.4
59 silly currentTree │ │ │   │ │   ├── core-util-is@1.0.2
59 silly currentTree │ │ │   │ │   ├── inherits@2.0.1
59 silly currentTree │ │ │   │ │   ├── isarray@0.0.1
59 silly currentTree │ │ │   │ │   ├── process-nextick-args@1.0.6
59 silly currentTree │ │ │   │ │   ├── string_decoder@0.10.31
59 silly currentTree │ │ │   │ │   └── util-deprecate@1.0.2
59 silly currentTree │ │ │   │ ├── infinity-agent@2.0.3
59 silly currentTree │ │ │   │ ├── is-redirect@1.0.0
59 silly currentTree │ │ │   │ ├── is-stream@1.0.1
59 silly currentTree │ │ │   │ ├── lowercase-keys@1.0.0
59 silly currentTree │ │ │   │ ├─┬ nested-error-stacks@1.0.2
59 silly currentTree │ │ │   │ │ └── inherits@2.0.1
59 silly currentTree │ │ │   │ ├── object-assign@3.0.0
59 silly currentTree │ │ │   │ ├── prepend-http@1.0.3
59 silly currentTree │ │ │   │ ├─┬ read-all-stream@3.0.1
59 silly currentTree │ │ │   │ │ ├─┬ pinkie-promise@1.0.0
59 silly currentTree │ │ │   │ │ │ └── pinkie@1.0.0
59 silly currentTree │ │ │   │ │ └─┬ readable-stream@2.0.4
59 silly currentTree │ │ │   │ │   ├── core-util-is@1.0.2
59 silly currentTree │ │ │   │ │   ├── inherits@2.0.1
59 silly currentTree │ │ │   │ │   ├── isarray@0.0.1
59 silly currentTree │ │ │   │ │   ├── process-nextick-args@1.0.6
59 silly currentTree │ │ │   │ │   ├── string_decoder@0.10.31
59 silly currentTree │ │ │   │ │   └── util-deprecate@1.0.2
59 silly currentTree │ │ │   │ └── timed-out@2.0.0
59 silly currentTree │ │ │   └─┬ registry-url@3.0.3
59 silly currentTree │ │ │     └─┬ rc@1.1.5
59 silly currentTree │ │ │       ├── deep-extend@0.4.0
59 silly currentTree │ │ │       ├── ini@1.3.4
59 silly currentTree │ │ │       ├── minimist@1.2.0
59 silly currentTree │ │ │       └── strip-json-comments@1.0.4
59 silly currentTree │ │ ├─┬ semver-diff@2.1.0
59 silly currentTree │ │ │ └── semver@5.1.0
59 silly currentTree │ │ └─┬ string-length@1.0.1
59 silly currentTree │ │   └─┬ strip-ansi@3.0.0
59 silly currentTree │ │     └── ansi-regex@2.0.0
59 silly currentTree │ ├── user-home@1.1.1
59 silly currentTree │ └─┬ which@1.2.0
59 silly currentTree │   └─┬ is-absolute@0.1.7
59 silly currentTree │     └── is-relative@0.1.3
59 silly currentTree ├── brace-expansion@1.1.2
59 silly currentTree ├── builtin-modules@1.1.0
59 silly currentTree ├─┬ bunyan@1.5.1
59 silly currentTree │ ├── dtrace-provider@0.6.0
59 silly currentTree │ └── nan@2.1.0
59 silly currentTree ├── bytes@2.1.0
59 silly currentTree ├── camelcase-keys@1.0.0
59 silly currentTree ├── camelcase@1.2.1
59 silly currentTree ├── chalk@1.1.1
59 silly currentTree ├── clone-stats@0.0.1
59 silly currentTree ├── clone@1.0.2
59 silly currentTree ├── commander@2.1.0
59 silly currentTree ├── concat-map@0.0.1
59 silly currentTree ├── concat-with-sourcemaps@1.0.4
59 silly currentTree ├── content-disposition@0.5.0
59 silly currentTree ├── content-type@1.0.1
59 silly currentTree ├── cookie-signature@1.0.6
59 silly currentTree ├── cookie@0.1.3
59 silly currentTree ├── core-util-is@1.0.1
59 silly currentTree ├── cors@2.5.3
59 silly currentTree ├── csv-generate@0.0.6
59 silly currentTree ├── csv-parse@1.0.1
59 silly currentTree ├── csv-stringify@0.0.8
59 silly currentTree ├── csv@0.4.6
59 silly currentTree ├── ctype@0.5.3
59 silly currentTree ├── dateformat@1.0.11
59 silly currentTree ├── deap@1.0.0
59 silly currentTree ├── debug@2.2.0
59 silly currentTree ├── decamelize@1.1.1
59 silly currentTree ├── deep-equal@0.2.2
59 silly currentTree ├── defaults@1.0.3
59 silly currentTree ├── depd@1.1.0
59 silly currentTree ├── deprecated@0.0.1
59 silly currentTree ├── destroy@1.0.3
59 silly currentTree ├─┬ dtrace-provider@0.3.2
59 silly currentTree │ └── nan@1.3.0
59 silly currentTree ├── duplexer2@0.0.2
59 silly currentTree ├─┬ duplexify@3.4.2
59 silly currentTree │ ├── end-of-stream@1.0.0
59 silly currentTree │ └── readable-stream@2.0.4
59 silly currentTree ├── ee-first@1.1.1
59 silly currentTree ├── end-of-stream@0.1.5
59 silly currentTree ├── error-ex@1.3.0
59 silly currentTree ├── escape-html@1.0.2
59 silly currentTree ├── escape-regexp-component@1.0.2
59 silly currentTree ├── escape-string-regexp@1.0.3
59 silly currentTree ├── etag@1.7.0
59 silly currentTree ├─┬ express@4.13.3
59 silly currentTree │ ├── depd@1.0.1
59 silly currentTree │ ├── qs@4.0.0
59 silly currentTree │ └── vary@1.0.1
59 silly currentTree ├── extend@2.0.1
59 silly currentTree ├── extsprintf@1.2.0
59 silly currentTree ├── fancy-log@1.1.0
59 silly currentTree ├── finalhandler@0.4.0
59 silly currentTree ├── find-index@0.1.1
59 silly currentTree ├── find-up@1.0.0
59 silly currentTree ├── findup-sync@0.3.0
59 silly currentTree ├── first-chunk-stream@1.0.0
59 silly currentTree ├── flagged-respawn@0.3.1
59 silly currentTree ├── formidable@1.0.17
59 silly currentTree ├── forwarded@0.1.0
59 silly currentTree ├── fresh@0.3.0
59 silly currentTree ├── gaze@0.5.2
59 silly currentTree ├── get-stdin@5.0.0
59 silly currentTree ├─┬ glob-stream@3.1.18
59 silly currentTree │ ├── glob@4.5.3
59 silly currentTree │ ├── minimatch@2.0.10
59 silly currentTree │ ├── readable-stream@1.0.33
59 silly currentTree │ └── through2@0.6.5
59 silly currentTree ├── glob-watcher@0.0.6
59 silly currentTree ├── glob@5.0.15
59 silly currentTree ├── glob2base@0.0.12
59 silly currentTree ├─┬ globby@2.1.0
59 silly currentTree │ └── async@1.5.0
59 silly currentTree ├─┬ globule@0.1.0
59 silly currentTree │ ├── glob@3.1.21
59 silly currentTree │ ├── graceful-fs@1.2.3
59 silly currentTree │ ├── inherits@1.0.2
59 silly currentTree │ └── minimatch@0.2.14
59 silly currentTree ├── glogg@1.0.0
59 silly currentTree ├── graceful-fs@4.1.2
59 silly currentTree ├─┬ gulp-concat@2.6.0
59 silly currentTree │ ├── readable-stream@1.0.33
59 silly currentTree │ └── through2@0.6.5
59 silly currentTree ├── gulp-uglify@1.4.2
59 silly currentTree ├─┬ gulp-util@3.0.7
59 silly currentTree │ └── minimist@1.2.0
59 silly currentTree ├─┬ gulp@3.9.0
59 silly currentTree │ ├── minimist@1.2.0
59 silly currentTree │ └── semver@4.3.6
59 silly currentTree ├── gulplog@1.0.0
59 silly currentTree ├── has-ansi@2.0.0
59 silly currentTree ├── has-gulplog@0.1.0
59 silly currentTree ├── hosted-git-info@2.1.4
59 silly currentTree ├── http-errors@1.3.1
59 silly currentTree ├── http-signature@0.10.1
59 silly currentTree ├── iconv-lite@0.4.12
59 silly currentTree ├── indent-string@2.1.0
59 silly currentTree ├── inflight@1.0.4
59 silly currentTree ├── inherits@2.0.1
59 silly currentTree ├── interpret@0.6.6
59 silly currentTree ├── ipaddr.js@1.0.4
59 silly currentTree ├── is-arrayish@0.2.1
59 silly currentTree ├── is-builtin-module@1.0.0
59 silly currentTree ├── is-finite@1.0.1
59 silly currentTree ├── is-utf8@0.2.0
59 silly currentTree ├── isarray@0.0.1
59 silly currentTree ├── isobject@2.0.0
59 silly currentTree ├── keep-alive-agent@0.0.1
59 silly currentTree ├── liftoff@2.2.0
59 silly currentTree ├── load-json-file@1.0.1
59 silly currentTree ├── lodash._basecopy@3.0.1
59 silly currentTree ├── lodash._basetostring@3.0.1
59 silly currentTree ├── lodash._basevalues@3.0.0
59 silly currentTree ├── lodash._getnative@3.9.1
59 silly currentTree ├── lodash._isiterateecall@3.0.9
59 silly currentTree ├── lodash._reescape@3.0.0
59 silly currentTree ├── lodash._reevaluate@3.0.0
59 silly currentTree ├── lodash._reinterpolate@3.0.0
59 silly currentTree ├── lodash.escape@3.0.0
59 silly currentTree ├── lodash.isarguments@3.0.4
59 silly currentTree ├── lodash.isarray@3.0.4
59 silly currentTree ├── lodash.keys@3.1.2
59 silly currentTree ├── lodash.restparam@3.6.1
59 silly currentTree ├── lodash.template@3.6.2
59 silly currentTree ├── lodash.templatesettings@3.1.0
59 silly currentTree ├── lodash@1.0.2
59 silly currentTree ├── loud-rejection@1.0.0
59 silly currentTree ├── lru-cache@2.7.3
59 silly currentTree ├─┬ main-bower-files@2.9.0
59 silly currentTree │ ├── clone@0.2.0
59 silly currentTree │ ├── glob-stream@4.1.1
59 silly currentTree │ ├── glob-watcher@0.0.8
59 silly currentTree │ ├── glob@4.5.3
59 silly currentTree │ ├── graceful-fs@3.0.8
59 silly currentTree │ ├── minimatch@2.0.10
59 silly currentTree │ ├── object-assign@2.1.1
59 silly currentTree │ ├── path-exists@1.0.0
59 silly currentTree │ ├── readable-stream@1.0.33
59 silly currentTree │ ├── strip-bom@1.0.0
59 silly currentTree │ ├── through2@0.6.5
59 silly currentTree │ ├── unique-stream@2.2.0
59 silly currentTree │ ├── vinyl-fs@1.0.0
59 silly currentTree │ └── vinyl@0.4.6
59 silly currentTree ├── map-obj@1.0.1
59 silly currentTree ├── media-typer@0.3.0
59 silly currentTree ├─┬ meow@3.5.0
59 silly currentTree │ ├── minimist@1.2.0
59 silly currentTree │ └── object-assign@4.0.1
59 silly currentTree ├── merge-descriptors@1.0.0
59 silly currentTree ├─┬ merge-stream@0.1.8
59 silly currentTree │ ├── readable-stream@1.0.33
59 silly currentTree │ └── through2@0.6.5
59 silly currentTree ├── methods@1.1.1
59 silly currentTree ├── mime-db@1.20.0
59 silly currentTree ├── mime-types@2.1.8
59 silly currentTree ├── mime@1.3.4
59 silly currentTree ├── minimatch@3.0.0
59 silly currentTree ├── minimist@0.0.10
59 silly currentTree ├─┬ mkdirp@0.5.1
59 silly currentTree │ └── minimist@0.0.8
59 silly currentTree ├── ms@0.7.1
59 silly currentTree ├── msgpack@1.0.2
59 silly currentTree ├─┬ msgpack5@3.2.0
59 silly currentTree │ └── readable-stream@2.0.4
59 silly currentTree ├─┬ multimatch@2.0.0
59 silly currentTree │ └── minimatch@2.0.10
59 silly currentTree ├── multipipe@0.1.2
59 silly currentTree ├── mv@2.1.1
59 silly currentTree ├── nan@2.1.0
59 silly currentTree ├── ncp@2.0.0
59 silly currentTree ├── negotiator@0.5.3
59 silly currentTree ├── node-uuid@1.4.7
59 silly currentTree ├── normalize-package-data@2.3.5
59 silly currentTree ├── number-is-nan@1.0.0
59 silly currentTree ├── object-assign@3.0.0
59 silly currentTree ├── on-finished@2.3.0
59 silly currentTree ├── once@1.3.3
59 silly currentTree ├── optimist@0.6.1
59 silly currentTree ├── options@0.0.6
59 silly currentTree ├── orchestrator@0.3.7
59 silly currentTree ├── ordered-read-streams@0.1.0
59 silly currentTree ├── os-homedir@1.0.1
59 silly currentTree ├── parse-json@2.2.0
59 silly currentTree ├── parseurl@1.3.0
59 silly currentTree ├── path-exists@2.0.0
59 silly currentTree ├── path-is-absolute@1.0.0
59 silly currentTree ├── path-to-regexp@0.1.7
59 silly currentTree ├── path-type@1.0.0
59 silly currentTree ├── peer@0.2.8
59 silly currentTree ├── pify@2.3.0
59 silly currentTree ├── pinkie-promise@1.0.0
59 silly currentTree ├── pinkie@1.0.0
59 silly currentTree ├── precond@0.2.3
59 silly currentTree ├── pretty-hrtime@1.0.1
59 silly currentTree ├── process-nextick-args@1.0.3
59 silly currentTree ├── proxy-addr@1.0.9
59 silly currentTree ├── qs@5.1.0
59 silly currentTree ├── range-parser@1.0.3
59 silly currentTree ├─┬ raw-body@2.1.5
59 silly currentTree │ ├── bytes@2.2.0
59 silly currentTree │ └── iconv-lite@0.4.13
59 silly currentTree ├── read-pkg-up@1.0.1
59 silly currentTree ├── read-pkg@1.1.0
59 silly currentTree ├── readable-stream@1.1.13
59 silly currentTree ├── rechoir@0.6.2
59 silly currentTree ├── redent@1.0.0
59 silly currentTree ├── repeating@2.0.0
59 silly currentTree ├── replace-ext@0.0.1
59 silly currentTree ├── resolve@1.1.6
59 silly currentTree ├─┬ restify@2.8.5
59 silly currentTree │ ├── negotiator@0.4.9
59 silly currentTree │ └── qs@1.2.2
59 silly currentTree ├── rimraf@2.4.4
59 silly currentTree ├── safe-json-stringify@1.0.3
59 silly currentTree ├── semver@2.3.2
59 silly currentTree ├─┬ send@0.13.0
59 silly currentTree │ └── depd@1.0.1
59 silly currentTree ├── sequencify@0.0.7
59 silly currentTree ├── serve-static@1.10.0
59 silly currentTree ├── sigmund@1.0.1
59 silly currentTree ├── source-map@0.5.3
59 silly currentTree ├── sparkles@1.0.0
59 silly currentTree ├── spdx-correct@1.0.2
59 silly currentTree ├── spdx-exceptions@1.0.4
59 silly currentTree ├── spdx-expression-parse@1.0.1
59 silly currentTree ├── spdx-license-ids@1.1.0
59 silly currentTree ├── spdy@1.32.5
59 silly currentTree ├── statuses@1.2.1
59 silly currentTree ├── stream-consume@0.1.0
59 silly currentTree ├── stream-transform@0.1.1
59 silly currentTree ├── string_decoder@0.10.31
59 silly currentTree ├── strip-ansi@3.0.0
59 silly currentTree ├── strip-bom@2.0.0
59 silly currentTree ├─┬ strip-indent@1.0.1
59 silly currentTree │ └── get-stdin@4.0.1
59 silly currentTree ├── strip-json-comments@1.0.4
59 silly currentTree ├── supports-color@2.0.0
59 silly currentTree ├── through2-filter@2.0.0
59 silly currentTree ├─┬ through2@2.0.0
59 silly currentTree │ └── readable-stream@2.0.4
59 silly currentTree ├── tildify@1.1.2
59 silly currentTree ├── tinycolor@0.0.1
59 silly currentTree ├── trim-newlines@1.0.0
59 silly currentTree ├── tunnel-agent@0.4.2
59 silly currentTree ├── type-is@1.6.10
59 silly currentTree ├── uglify-js@2.5.0
59 silly currentTree ├── uglify-save-license@0.4.1
59 silly currentTree ├── uglify-to-browserify@1.0.2
59 silly currentTree ├── underscore@1.8.3
59 silly currentTree ├── unique-stream@1.0.0
59 silly currentTree ├── unpipe@1.0.0
59 silly currentTree ├── user-home@1.1.1
59 silly currentTree ├── util-deprecate@1.0.2
59 silly currentTree ├── utils-merge@1.0.0
59 silly currentTree ├── v8flags@2.0.10
59 silly currentTree ├── validate-npm-package-license@3.0.1
59 silly currentTree ├── vary@1.1.0
59 silly currentTree ├── verror@1.6.0
59 silly currentTree ├─┬ vinyl-fs@0.3.14
59 silly currentTree │ ├── clone@0.2.0
59 silly currentTree │ ├── graceful-fs@3.0.8
59 silly currentTree │ ├── readable-stream@1.0.33
59 silly currentTree │ ├── strip-bom@1.0.0
59 silly currentTree │ ├── through2@0.6.5
59 silly currentTree │ └── vinyl@0.4.6
59 silly currentTree ├── vinyl-sourcemaps-apply@0.2.0
59 silly currentTree ├── vinyl@0.5.3
59 silly currentTree ├── window-size@0.1.0
59 silly currentTree ├── wordwrap@0.0.3
59 silly currentTree ├── wrappy@1.0.1
59 silly currentTree ├─┬ ws@0.4.32
59 silly currentTree │ └── nan@1.0.0
59 silly currentTree ├── xtend@4.0.1
59 silly currentTree ├─┬ yargs@3.5.4
59 silly currentTree │ └── wordwrap@0.0.2
59 silly currentTree └─┬ zmq@2.14.0
59 silly currentTree   └── nan@2.0.9
60 silly idealTree sur@0.2.0
60 silly idealTree ├── accepts@1.2.13
60 silly idealTree ├── ansi-regex@2.0.0
60 silly idealTree ├── ansi-styles@2.1.0
60 silly idealTree ├── archy@1.0.0
60 silly idealTree ├── array-differ@1.0.0
60 silly idealTree ├── array-flatten@1.1.1
60 silly idealTree ├── array-union@1.0.1
60 silly idealTree ├── array-uniq@1.0.2
60 silly idealTree ├── asn1@0.1.11
60 silly idealTree ├── assert-plus@0.1.5
60 silly idealTree ├── async@0.2.10
60 silly idealTree ├── backoff@2.4.1
60 silly idealTree ├── balanced-match@0.3.0
60 silly idealTree ├── beeper@1.1.0
60 silly idealTree ├── bindings@1.2.1
60 silly idealTree ├─┬ bl@1.0.0
60 silly idealTree │ └── readable-stream@2.0.4
60 silly idealTree ├── body-parser@1.14.1
60 silly idealTree ├─┬ bower@1.7.0
60 silly idealTree │ ├── abbrev@1.0.7
60 silly idealTree │ ├── archy@1.0.0
60 silly idealTree │ ├─┬ bower-config@1.3.0
60 silly idealTree │ │ ├── graceful-fs@4.1.2
60 silly idealTree │ │ ├─┬ optimist@0.6.1
60 silly idealTree │ │ │ ├── minimist@0.0.10
60 silly idealTree │ │ │ └── wordwrap@0.0.3
60 silly idealTree │ │ ├─┬ osenv@0.1.3
60 silly idealTree │ │ │ ├── os-homedir@1.0.1
60 silly idealTree │ │ │ └── os-tmpdir@1.0.1
60 silly idealTree │ │ └─┬ untildify@2.1.0
60 silly idealTree │ │   └── os-homedir@1.0.1
60 silly idealTree │ ├── bower-endpoint-parser@0.2.2
60 silly idealTree │ ├─┬ bower-json@0.4.0
60 silly idealTree │ │ ├── deep-extend@0.2.11
60 silly idealTree │ │ ├── graceful-fs@2.0.3
60 silly idealTree │ │ └── intersect@0.0.3
60 silly idealTree │ ├── bower-logger@0.2.2
60 silly idealTree │ ├─┬ bower-registry-client@1.0.0
60 silly idealTree │ │ ├── async@0.2.10
60 silly idealTree │ │ ├── graceful-fs@4.1.2
60 silly idealTree │ │ ├── mkdirp@0.3.5
60 silly idealTree │ │ └── request-replay@0.2.0
60 silly idealTree │ ├─┬ cardinal@0.4.4
60 silly idealTree │ │ ├── ansicolors@0.2.1
60 silly idealTree │ │ └─┬ redeyed@0.4.4
60 silly idealTree │ │   └── esprima@1.0.4
60 silly idealTree │ ├─┬ chalk@1.1.1
60 silly idealTree │ │ ├── ansi-styles@2.1.0
60 silly idealTree │ │ ├── escape-string-regexp@1.0.3
60 silly idealTree │ │ ├─┬ has-ansi@2.0.0
60 silly idealTree │ │ │ └── ansi-regex@2.0.0
60 silly idealTree │ │ ├─┬ strip-ansi@3.0.0
60 silly idealTree │ │ │ └── ansi-regex@2.0.0
60 silly idealTree │ │ └── supports-color@2.0.0
60 silly idealTree │ ├── chmodr@1.0.2
60 silly idealTree │ ├─┬ configstore@0.3.2
60 silly idealTree │ │ ├─┬ js-yaml@3.4.6
60 silly idealTree │ │ │ ├─┬ argparse@1.0.3
60 silly idealTree │ │ │ │ ├── lodash@3.10.1
60 silly idealTree │ │ │ │ └── sprintf-js@1.0.3
60 silly idealTree │ │ │ ├── esprima@2.7.0
60 silly idealTree │ │ │ └── inherit@2.2.2
60 silly idealTree │ │ ├── object-assign@2.1.1
60 silly idealTree │ │ ├─┬ osenv@0.1.3
60 silly idealTree │ │ │ ├── os-homedir@1.0.1
60 silly idealTree │ │ │ └── os-tmpdir@1.0.1
60 silly idealTree │ │ ├── uuid@2.0.1
60 silly idealTree │ │ └── xdg-basedir@1.0.1
60 silly idealTree │ ├─┬ decompress-zip@0.1.0
60 silly idealTree │ │ ├─┬ binary@0.3.0
60 silly idealTree │ │ │ ├── buffers@0.1.1
60 silly idealTree │ │ │ └─┬ chainsaw@0.1.0
60 silly idealTree │ │ │   └── traverse@0.3.9
60 silly idealTree │ │ ├── mkpath@0.1.0
60 silly idealTree │ │ ├─┬ readable-stream@1.1.13
60 silly idealTree │ │ │ ├── core-util-is@1.0.2
60 silly idealTree │ │ │ ├── inherits@2.0.1
60 silly idealTree │ │ │ ├── isarray@0.0.1
60 silly idealTree │ │ │ └── string_decoder@0.10.31
60 silly idealTree │ │ └─┬ touch@0.0.3
60 silly idealTree │ │   └── nopt@1.0.10
60 silly idealTree │ ├── destroy@1.0.3
60 silly idealTree │ ├─┬ fs-write-stream-atomic@1.0.5
60 silly idealTree │ │ ├── graceful-fs@4.1.2
60 silly idealTree │ │ └── imurmurhash@0.1.4
60 silly idealTree │ ├─┬ fstream-ignore@1.0.3
60 silly idealTree │ │ ├── inherits@2.0.1
60 silly idealTree │ │ └─┬ minimatch@3.0.0
60 silly idealTree │ │   └─┬ brace-expansion@1.1.2
60 silly idealTree │ │     ├── balanced-match@0.3.0
60 silly idealTree │ │     └── concat-map@0.0.1
60 silly idealTree │ ├─┬ fstream@1.0.8
60 silly idealTree │ │ ├── graceful-fs@4.1.2
60 silly idealTree │ │ └── inherits@2.0.1
60 silly idealTree │ ├─┬ github@0.2.4
60 silly idealTree │ │ └── mime@1.3.4
60 silly idealTree │ ├─┬ glob@4.5.3
60 silly idealTree │ │ ├─┬ inflight@1.0.4
60 silly idealTree │ │ │ └── wrappy@1.0.1
60 silly idealTree │ │ ├── inherits@2.0.1
60 silly idealTree │ │ ├─┬ minimatch@2.0.10
60 silly idealTree │ │ │ └─┬ brace-expansion@1.1.2
60 silly idealTree │ │ │   ├── balanced-match@0.3.0
60 silly idealTree │ │ │   └── concat-map@0.0.1
60 silly idealTree │ │ └─┬ once@1.3.3
60 silly idealTree │ │   └── wrappy@1.0.1
60 silly idealTree │ ├── graceful-fs@3.0.8
60 silly idealTree │ ├─┬ handlebars@2.0.0
60 silly idealTree │ │ ├─┬ optimist@0.3.7
60 silly idealTree │ │ │ └── wordwrap@0.0.3
60 silly idealTree │ │ └─┬ uglify-js@2.3.6
60 silly idealTree │ │   ├── async@0.2.10
60 silly idealTree │ │   └─┬ source-map@0.1.43
60 silly idealTree │ │     └── amdefine@1.0.0
60 silly idealTree │ ├─┬ inquirer@0.10.0
60 silly idealTree │ │ ├── ansi-escapes@1.1.0
60 silly idealTree │ │ ├── ansi-regex@2.0.0
60 silly idealTree │ │ ├─┬ cli-cursor@1.0.2
60 silly idealTree │ │ │ └─┬ restore-cursor@1.0.1
60 silly idealTree │ │ │   ├── exit-hook@1.1.1
60 silly idealTree │ │ │   └── onetime@1.0.0
60 silly idealTree │ │ ├── cli-width@1.1.0
60 silly idealTree │ │ ├── figures@1.4.0
60 silly idealTree │ │ ├── lodash@3.10.1
60 silly idealTree │ │ ├─┬ readline2@1.0.1
60 silly idealTree │ │ │ ├─┬ code-point-at@1.0.0
60 silly idealTree │ │ │ │ └── number-is-nan@1.0.0
60 silly idealTree │ │ │ ├─┬ is-fullwidth-code-point@1.0.0
60 silly idealTree │ │ │ │ └── number-is-nan@1.0.0
60 silly idealTree │ │ │ └── mute-stream@0.0.5
60 silly idealTree │ │ ├─┬ run-async@0.1.0
60 silly idealTree │ │ │ └─┬ once@1.3.3
60 silly idealTree │ │ │   └── wrappy@1.0.1
60 silly idealTree │ │ ├── rx-lite@3.1.2
60 silly idealTree │ │ ├── strip-ansi@3.0.0
60 silly idealTree │ │ └── through@2.3.8
60 silly idealTree │ ├─┬ insight@0.7.0
60 silly idealTree │ │ ├── async@1.5.0
60 silly idealTree │ │ ├─┬ configstore@1.3.0
60 silly idealTree │ │ │ ├── graceful-fs@4.1.2
60 silly idealTree │ │ │ ├── os-tmpdir@1.0.1
60 silly idealTree │ │ │ ├─┬ osenv@0.1.3
60 silly idealTree │ │ │ │ └── os-homedir@1.0.1
60 silly idealTree │ │ │ ├── uuid@2.0.1
60 silly idealTree │ │ │ ├─┬ write-file-atomic@1.1.4
60 silly idealTree │ │ │ │ ├── imurmurhash@0.1.4
60 silly idealTree │ │ │ │ └── slide@1.1.6
60 silly idealTree │ │ │ └─┬ xdg-basedir@2.0.0
60 silly idealTree │ │ │   └── os-homedir@1.0.1
60 silly idealTree │ │ ├─┬ lodash.debounce@3.1.1
60 silly idealTree │ │ │ └── lodash._getnative@3.9.1
60 silly idealTree │ │ ├── object-assign@4.0.1
60 silly idealTree │ │ ├─┬ os-name@1.0.3
60 silly idealTree │ │ │ ├─┬ osx-release@1.1.0
60 silly idealTree │ │ │ │ └── minimist@1.2.0
60 silly idealTree │ │ │ └─┬ win-release@1.1.1
60 silly idealTree │ │ │   └── semver@5.1.0
60 silly idealTree │ │ └── tough-cookie@2.2.1
60 silly idealTree │ ├── is-root@1.0.0
60 silly idealTree │ ├── junk@1.0.2
60 silly idealTree │ ├── lockfile@1.0.1
60 silly idealTree │ ├── lru-cache@2.7.3
60 silly idealTree │ ├─┬ md5-hex@1.1.0
60 silly idealTree │ │ └── md5-o-matic@0.1.1
60 silly idealTree │ ├─┬ mkdirp@0.5.0
60 silly idealTree │ │ └── minimist@0.0.8
60 silly idealTree │ ├── mout@0.11.1
60 silly idealTree │ ├── nopt@3.0.6
60 silly idealTree │ ├── opn@1.0.2
60 silly idealTree │ ├─┬ p-throttler@0.1.1
60 silly idealTree │ │ └── q@0.9.7
60 silly idealTree │ ├─┬ promptly@0.2.0
60 silly idealTree │ │ └─┬ read@1.0.7
60 silly idealTree │ │   └── mute-stream@0.0.5
60 silly idealTree │ ├── q@1.4.1
60 silly idealTree │ ├─┬ request-progress@0.3.1
60 silly idealTree │ │ └── throttleit@0.0.2
60 silly idealTree │ ├─┬ request@2.53.0
60 silly idealTree │ │ ├── aws-sign2@0.5.0
60 silly idealTree │ │ ├─┬ bl@0.9.4
60 silly idealTree │ │ │ └─┬ readable-stream@1.0.33
60 silly idealTree │ │ │   ├── core-util-is@1.0.2
60 silly idealTree │ │ │   ├── inherits@2.0.1
60 silly idealTree │ │ │   ├── isarray@0.0.1
60 silly idealTree │ │ │   └── string_decoder@0.10.31
60 silly idealTree │ │ ├── caseless@0.9.0
60 silly idealTree │ │ ├─┬ combined-stream@0.0.7
60 silly idealTree │ │ │ └── delayed-stream@0.0.5
60 silly idealTree │ │ ├── forever-agent@0.5.2
60 silly idealTree │ │ ├─┬ form-data@0.2.0
60 silly idealTree │ │ │ └── async@0.9.2
60 silly idealTree │ │ ├─┬ hawk@2.3.1
60 silly idealTree │ │ │ ├── boom@2.10.1
60 silly idealTree │ │ │ ├── cryptiles@2.0.5
60 silly idealTree │ │ │ ├── hoek@2.16.3
60 silly idealTree │ │ │ └── sntp@1.0.9
60 silly idealTree │ │ ├─┬ http-signature@0.10.1
60 silly idealTree │ │ │ ├── asn1@0.1.11
60 silly idealTree │ │ │ ├── assert-plus@0.1.5
60 silly idealTree │ │ │ └── ctype@0.5.3
60 silly idealTree │ │ ├── isstream@0.1.2
60 silly idealTree │ │ ├── json-stringify-safe@5.0.1
60 silly idealTree │ │ ├─┬ mime-types@2.0.14
60 silly idealTree │ │ │ └── mime-db@1.12.0
60 silly idealTree │ │ ├── node-uuid@1.4.7
60 silly idealTree │ │ ├── oauth-sign@0.6.0
60 silly idealTree │ │ ├── qs@2.3.3
60 silly idealTree │ │ ├── stringstream@0.0.5
60 silly idealTree │ │ ├── tough-cookie@2.2.1
60 silly idealTree │ │ └── tunnel-agent@0.4.1
60 silly idealTree │ ├── retry@0.6.1
60 silly idealTree │ ├─┬ rimraf@2.4.4
60 silly idealTree │ │ └─┬ glob@5.0.15
60 silly idealTree │ │   ├─┬ inflight@1.0.4
60 silly idealTree │ │   │ └── wrappy@1.0.1
60 silly idealTree │ │   ├── inherits@2.0.1
60 silly idealTree │ │   ├─┬ minimatch@3.0.0
60 silly idealTree │ │   │ └─┬ brace-expansion@1.1.2
60 silly idealTree │ │   │   ├── balanced-match@0.3.0
60 silly idealTree │ │   │   └── concat-map@0.0.1
60 silly idealTree │ │   ├─┬ once@1.3.3
60 silly idealTree │ │   │ └── wrappy@1.0.1
60 silly idealTree │ │   └── path-is-absolute@1.0.0
60 silly idealTree │ ├── semver@2.3.2
60 silly idealTree │ ├─┬ shell-quote@1.4.3
60 silly idealTree │ │ ├── array-filter@0.0.1
60 silly idealTree │ │ ├── array-map@0.0.0
60 silly idealTree │ │ ├── array-reduce@0.0.0
60 silly idealTree │ │ └── jsonify@0.0.0
60 silly idealTree │ ├── stringify-object@1.0.1
60 silly idealTree │ ├─┬ tar-fs@1.8.1
60 silly idealTree │ │ ├─┬ pump@1.0.1
60 silly idealTree │ │ │ ├── end-of-stream@1.1.0
60 silly idealTree │ │ │ └─┬ once@1.3.3
60 silly idealTree │ │ │   └── wrappy@1.0.1
60 silly idealTree │ │ └─┬ tar-stream@1.3.1
60 silly idealTree │ │   ├── bl@1.0.0
60 silly idealTree │ │   ├─┬ end-of-stream@1.1.0
60 silly idealTree │ │   │ └─┬ once@1.3.3
60 silly idealTree │ │   │   └── wrappy@1.0.1
60 silly idealTree │ │   ├─┬ readable-stream@2.0.4
60 silly idealTree │ │   │ ├── core-util-is@1.0.2
60 silly idealTree │ │   │ ├── inherits@2.0.1
60 silly idealTree │ │   │ ├── isarray@0.0.1
60 silly idealTree │ │   │ ├── process-nextick-args@1.0.6
60 silly idealTree │ │   │ ├── string_decoder@0.10.31
60 silly idealTree │ │   │ └── util-deprecate@1.0.2
60 silly idealTree │ │   └── xtend@4.0.1
60 silly idealTree │ ├── tmp@0.0.24
60 silly idealTree │ ├─┬ update-notifier@0.3.2
60 silly idealTree │ │ ├── is-npm@1.0.0
60 silly idealTree │ │ ├─┬ latest-version@1.0.1
60 silly idealTree │ │ │ └─┬ package-json@1.2.0
60 silly idealTree │ │ │   ├─┬ got@3.3.1
60 silly idealTree │ │ │   │ ├─┬ duplexify@3.4.2
60 silly idealTree │ │ │   │ │ ├─┬ end-of-stream@1.0.0
60 silly idealTree │ │ │   │ │ │ └─┬ once@1.3.3
60 silly idealTree │ │ │   │ │ │   └── wrappy@1.0.1
60 silly idealTree │ │ │   │ │ └─┬ readable-stream@2.0.4
60 silly idealTree │ │ │   │ │   ├── core-util-is@1.0.2
60 silly idealTree │ │ │   │ │   ├── inherits@2.0.1
60 silly idealTree │ │ │   │ │   ├── isarray@0.0.1
60 silly idealTree │ │ │   │ │   ├── process-nextick-args@1.0.6
60 silly idealTree │ │ │   │ │   ├── string_decoder@0.10.31
60 silly idealTree │ │ │   │ │   └── util-deprecate@1.0.2
60 silly idealTree │ │ │   │ ├── infinity-agent@2.0.3
60 silly idealTree │ │ │   │ ├── is-redirect@1.0.0
60 silly idealTree │ │ │   │ ├── is-stream@1.0.1
60 silly idealTree │ │ │   │ ├── lowercase-keys@1.0.0
60 silly idealTree │ │ │   │ ├─┬ nested-error-stacks@1.0.2
60 silly idealTree │ │ │   │ │ └── inherits@2.0.1
60 silly idealTree │ │ │   │ ├── object-assign@3.0.0
60 silly idealTree │ │ │   │ ├── prepend-http@1.0.3
60 silly idealTree │ │ │   │ ├─┬ read-all-stream@3.0.1
60 silly idealTree │ │ │   │ │ ├─┬ pinkie-promise@1.0.0
60 silly idealTree │ │ │   │ │ │ └── pinkie@1.0.0
60 silly idealTree │ │ │   │ │ └─┬ readable-stream@2.0.4
60 silly idealTree │ │ │   │ │   ├── core-util-is@1.0.2
60 silly idealTree │ │ │   │ │   ├── inherits@2.0.1
60 silly idealTree │ │ │   │ │   ├── isarray@0.0.1
60 silly idealTree │ │ │   │ │   ├── process-nextick-args@1.0.6
60 silly idealTree │ │ │   │ │   ├── string_decoder@0.10.31
60 silly idealTree │ │ │   │ │   └── util-deprecate@1.0.2
60 silly idealTree │ │ │   │ └── timed-out@2.0.0
60 silly idealTree │ │ │   └─┬ registry-url@3.0.3
60 silly idealTree │ │ │     └─┬ rc@1.1.5
60 silly idealTree │ │ │       ├── deep-extend@0.4.0
60 silly idealTree │ │ │       ├── ini@1.3.4
60 silly idealTree │ │ │       ├── minimist@1.2.0
60 silly idealTree │ │ │       └── strip-json-comments@1.0.4
60 silly idealTree │ │ ├─┬ semver-diff@2.1.0
60 silly idealTree │ │ │ └── semver@5.1.0
60 silly idealTree │ │ └─┬ string-length@1.0.1
60 silly idealTree │ │   └─┬ strip-ansi@3.0.0
60 silly idealTree │ │     └── ansi-regex@2.0.0
60 silly idealTree │ ├── user-home@1.1.1
60 silly idealTree │ └─┬ which@1.2.0
60 silly idealTree │   └─┬ is-absolute@0.1.7
60 silly idealTree │     └── is-relative@0.1.3
60 silly idealTree ├── brace-expansion@1.1.2
60 silly idealTree ├── builtin-modules@1.1.0
60 silly idealTree ├─┬ bunyan@1.5.1
60 silly idealTree │ ├── dtrace-provider@0.6.0
60 silly idealTree │ └── nan@2.1.0
60 silly idealTree ├── bytes@2.1.0
60 silly idealTree ├── camelcase-keys@1.0.0
60 silly idealTree ├── camelcase@1.2.1
60 silly idealTree ├── chalk@1.1.1
60 silly idealTree ├── clone-stats@0.0.1
60 silly idealTree ├── clone@1.0.2
60 silly idealTree ├── commander@2.1.0
60 silly idealTree ├── concat-map@0.0.1
60 silly idealTree ├── concat-with-sourcemaps@1.0.4
60 silly idealTree ├── content-disposition@0.5.0
60 silly idealTree ├── content-type@1.0.1
60 silly idealTree ├── cookie-signature@1.0.6
60 silly idealTree ├── cookie@0.1.3
60 silly idealTree ├── core-util-is@1.0.1
60 silly idealTree ├── cors@2.5.3
60 silly idealTree ├── csv-generate@0.0.6
60 silly idealTree ├── csv-parse@1.0.1
60 silly idealTree ├── csv-stringify@0.0.8
60 silly idealTree ├── csv@0.4.6
60 silly idealTree ├── ctype@0.5.3
60 silly idealTree ├── dateformat@1.0.11
60 silly idealTree ├── deap@1.0.0
60 silly idealTree ├── debug@2.2.0
60 silly idealTree ├── decamelize@1.1.1
60 silly idealTree ├── deep-equal@0.2.2
60 silly idealTree ├── defaults@1.0.3
60 silly idealTree ├── depd@1.1.0
60 silly idealTree ├── deprecated@0.0.1
60 silly idealTree ├── destroy@1.0.3
60 silly idealTree ├─┬ dtrace-provider@0.3.2
60 silly idealTree │ └── nan@1.3.0
60 silly idealTree ├── duplexer2@0.0.2
60 silly idealTree ├─┬ duplexify@3.4.2
60 silly idealTree │ ├── end-of-stream@1.0.0
60 silly idealTree │ └── readable-stream@2.0.4
60 silly idealTree ├── ee-first@1.1.1
60 silly idealTree ├── end-of-stream@0.1.5
60 silly idealTree ├── error-ex@1.3.0
60 silly idealTree ├── escape-html@1.0.2
60 silly idealTree ├── escape-regexp-component@1.0.2
60 silly idealTree ├── escape-string-regexp@1.0.3
60 silly idealTree ├── etag@1.7.0
60 silly idealTree ├─┬ express@4.13.3
60 silly idealTree │ ├── depd@1.0.1
60 silly idealTree │ ├── qs@4.0.0
60 silly idealTree │ └── vary@1.0.1
60 silly idealTree ├── extend@2.0.1
60 silly idealTree ├── extsprintf@1.2.0
60 silly idealTree ├── fancy-log@1.1.0
60 silly idealTree ├── finalhandler@0.4.0
60 silly idealTree ├── find-index@0.1.1
60 silly idealTree ├── find-up@1.0.0
60 silly idealTree ├── findup-sync@0.3.0
60 silly idealTree ├── first-chunk-stream@1.0.0
60 silly idealTree ├── flagged-respawn@0.3.1
60 silly idealTree ├── formidable@1.0.17
60 silly idealTree ├── forwarded@0.1.0
60 silly idealTree ├── fresh@0.3.0
60 silly idealTree ├── gaze@0.5.2
60 silly idealTree ├── get-stdin@5.0.0
60 silly idealTree ├─┬ glob-stream@3.1.18
60 silly idealTree │ ├── glob@4.5.3
60 silly idealTree │ ├── minimatch@2.0.10
60 silly idealTree │ ├── readable-stream@1.0.33
60 silly idealTree │ └── through2@0.6.5
60 silly idealTree ├── glob-watcher@0.0.6
60 silly idealTree ├── glob@5.0.15
60 silly idealTree ├── glob2base@0.0.12
60 silly idealTree ├─┬ globby@2.1.0
60 silly idealTree │ └── async@1.5.0
60 silly idealTree ├─┬ globule@0.1.0
60 silly idealTree │ ├── glob@3.1.21
60 silly idealTree │ ├── graceful-fs@1.2.3
60 silly idealTree │ ├── inherits@1.0.2
60 silly idealTree │ └── minimatch@0.2.14
60 silly idealTree ├── glogg@1.0.0
60 silly idealTree ├── graceful-fs@4.1.2
60 silly idealTree ├─┬ gulp-concat@2.6.0
60 silly idealTree │ ├── readable-stream@1.0.33
60 silly idealTree │ └── through2@0.6.5
60 silly idealTree ├── gulp-uglify@1.4.2
60 silly idealTree ├─┬ gulp-util@3.0.7
60 silly idealTree │ └── minimist@1.2.0
60 silly idealTree ├─┬ gulp@3.9.0
60 silly idealTree │ ├── minimist@1.2.0
60 silly idealTree │ └── semver@4.3.6
60 silly idealTree ├── gulplog@1.0.0
60 silly idealTree ├── has-ansi@2.0.0
60 silly idealTree ├── has-gulplog@0.1.0
60 silly idealTree ├── hosted-git-info@2.1.4
60 silly idealTree ├── http-errors@1.3.1
60 silly idealTree ├── http-signature@0.10.1
60 silly idealTree ├── iconv-lite@0.4.12
60 silly idealTree ├── indent-string@2.1.0
60 silly idealTree ├── inflight@1.0.4
60 silly idealTree ├── inherits@2.0.1
60 silly idealTree ├── interpret@0.6.6
60 silly idealTree ├── ipaddr.js@1.0.4
60 silly idealTree ├── is-arrayish@0.2.1
60 silly idealTree ├── is-builtin-module@1.0.0
60 silly idealTree ├── is-finite@1.0.1
60 silly idealTree ├── is-utf8@0.2.0
60 silly idealTree ├── isarray@0.0.1
60 silly idealTree ├── isobject@2.0.0
60 silly idealTree ├── keep-alive-agent@0.0.1
60 silly idealTree ├── liftoff@2.2.0
60 silly idealTree ├── load-json-file@1.0.1
60 silly idealTree ├── lodash._basecopy@3.0.1
60 silly idealTree ├── lodash._basetostring@3.0.1
60 silly idealTree ├── lodash._basevalues@3.0.0
60 silly idealTree ├── lodash._getnative@3.9.1
60 silly idealTree ├── lodash._isiterateecall@3.0.9
60 silly idealTree ├── lodash._reescape@3.0.0
60 silly idealTree ├── lodash._reevaluate@3.0.0
60 silly idealTree ├── lodash._reinterpolate@3.0.0
60 silly idealTree ├── lodash.escape@3.0.0
60 silly idealTree ├── lodash.isarguments@3.0.4
60 silly idealTree ├── lodash.isarray@3.0.4
60 silly idealTree ├── lodash.keys@3.1.2
60 silly idealTree ├── lodash.restparam@3.6.1
60 silly idealTree ├── lodash.template@3.6.2
60 silly idealTree ├── lodash.templatesettings@3.1.0
60 silly idealTree ├── lodash@1.0.2
60 silly idealTree ├── loud-rejection@1.0.0
60 silly idealTree ├── lru-cache@2.7.3
60 silly idealTree ├─┬ main-bower-files@2.9.0
60 silly idealTree │ ├── clone@0.2.0
60 silly idealTree │ ├── glob-stream@4.1.1
60 silly idealTree │ ├── glob-watcher@0.0.8
60 silly idealTree │ ├── glob@4.5.3
60 silly idealTree │ ├── graceful-fs@3.0.8
60 silly idealTree │ ├── minimatch@2.0.10
60 silly idealTree │ ├── object-assign@2.1.1
60 silly idealTree │ ├── path-exists@1.0.0
60 silly idealTree │ ├── readable-stream@1.0.33
60 silly idealTree │ ├── strip-bom@1.0.0
60 silly idealTree │ ├── through2@0.6.5
60 silly idealTree │ ├── unique-stream@2.2.0
60 silly idealTree │ ├── vinyl-fs@1.0.0
60 silly idealTree │ └── vinyl@0.4.6
60 silly idealTree ├── map-obj@1.0.1
60 silly idealTree ├── media-typer@0.3.0
60 silly idealTree ├─┬ meow@3.5.0
60 silly idealTree │ ├── minimist@1.2.0
60 silly idealTree │ └── object-assign@4.0.1
60 silly idealTree ├── merge-descriptors@1.0.0
60 silly idealTree ├─┬ merge-stream@0.1.8
60 silly idealTree │ ├── readable-stream@1.0.33
60 silly idealTree │ └── through2@0.6.5
60 silly idealTree ├── methods@1.1.1
60 silly idealTree ├── mime-db@1.20.0
60 silly idealTree ├── mime-types@2.1.8
60 silly idealTree ├── mime@1.3.4
60 silly idealTree ├── minimatch@3.0.0
60 silly idealTree ├── minimist@0.0.10
60 silly idealTree ├─┬ mkdirp@0.5.1
60 silly idealTree │ └── minimist@0.0.8
60 silly idealTree ├── ms@0.7.1
60 silly idealTree ├── msgpack@1.0.2
60 silly idealTree ├─┬ msgpack5@3.2.0
60 silly idealTree │ └── readable-stream@2.0.4
60 silly idealTree ├─┬ multimatch@2.0.0
60 silly idealTree │ └── minimatch@2.0.10
60 silly idealTree ├── multipipe@0.1.2
60 silly idealTree ├── mv@2.1.1
60 silly idealTree ├── nan@2.1.0
60 silly idealTree ├── ncp@2.0.0
60 silly idealTree ├── negotiator@0.5.3
60 silly idealTree ├── node-uuid@1.4.7
60 silly idealTree ├── nodelua@0.3.3
60 silly idealTree ├── normalize-package-data@2.3.5
60 silly idealTree ├── number-is-nan@1.0.0
60 silly idealTree ├── object-assign@3.0.0
60 silly idealTree ├── on-finished@2.3.0
60 silly idealTree ├── once@1.3.3
60 silly idealTree ├── optimist@0.6.1
60 silly idealTree ├── options@0.0.6
60 silly idealTree ├── orchestrator@0.3.7
60 silly idealTree ├── ordered-read-streams@0.1.0
60 silly idealTree ├── os-homedir@1.0.1
60 silly idealTree ├── parse-json@2.2.0
60 silly idealTree ├── parseurl@1.3.0
60 silly idealTree ├── path-exists@2.0.0
60 silly idealTree ├── path-is-absolute@1.0.0
60 silly idealTree ├── path-to-regexp@0.1.7
60 silly idealTree ├── path-type@1.0.0
60 silly idealTree ├── peer@0.2.8
60 silly idealTree ├── pify@2.3.0
60 silly idealTree ├── pinkie-promise@1.0.0
60 silly idealTree ├── pinkie@1.0.0
60 silly idealTree ├── precond@0.2.3
60 silly idealTree ├── pretty-hrtime@1.0.1
60 silly idealTree ├── process-nextick-args@1.0.3
60 silly idealTree ├── proxy-addr@1.0.9
60 silly idealTree ├── qs@5.1.0
60 silly idealTree ├── range-parser@1.0.3
60 silly idealTree ├─┬ raw-body@2.1.5
60 silly idealTree │ ├── bytes@2.2.0
60 silly idealTree │ └── iconv-lite@0.4.13
60 silly idealTree ├── read-pkg-up@1.0.1
60 silly idealTree ├── read-pkg@1.1.0
60 silly idealTree ├── readable-stream@1.1.13
60 silly idealTree ├── rechoir@0.6.2
60 silly idealTree ├── redent@1.0.0
60 silly idealTree ├── repeating@2.0.0
60 silly idealTree ├── replace-ext@0.0.1
60 silly idealTree ├── resolve@1.1.6
60 silly idealTree ├─┬ restify@2.8.5
60 silly idealTree │ ├── negotiator@0.4.9
60 silly idealTree │ └── qs@1.2.2
60 silly idealTree ├── rimraf@2.4.4
60 silly idealTree ├── safe-json-stringify@1.0.3
60 silly idealTree ├── semver@2.3.2
60 silly idealTree ├─┬ send@0.13.0
60 silly idealTree │ └── depd@1.0.1
60 silly idealTree ├── sequencify@0.0.7
60 silly idealTree ├── serve-static@1.10.0
60 silly idealTree ├── sigmund@1.0.1
60 silly idealTree ├── source-map@0.5.3
60 silly idealTree ├── sparkles@1.0.0
60 silly idealTree ├── spdx-correct@1.0.2
60 silly idealTree ├── spdx-exceptions@1.0.4
60 silly idealTree ├── spdx-expression-parse@1.0.1
60 silly idealTree ├── spdx-license-ids@1.1.0
60 silly idealTree ├── spdy@1.32.5
60 silly idealTree ├── statuses@1.2.1
60 silly idealTree ├── stream-consume@0.1.0
60 silly idealTree ├── stream-transform@0.1.1
60 silly idealTree ├── string_decoder@0.10.31
60 silly idealTree ├── strip-ansi@3.0.0
60 silly idealTree ├── strip-bom@2.0.0
60 silly idealTree ├─┬ strip-indent@1.0.1
60 silly idealTree │ └── get-stdin@4.0.1
60 silly idealTree ├── strip-json-comments@1.0.4
60 silly idealTree ├── supports-color@2.0.0
60 silly idealTree ├── through2-filter@2.0.0
60 silly idealTree ├─┬ through2@2.0.0
60 silly idealTree │ └── readable-stream@2.0.4
60 silly idealTree ├── tildify@1.1.2
60 silly idealTree ├── tinycolor@0.0.1
60 silly idealTree ├── trim-newlines@1.0.0
60 silly idealTree ├── tunnel-agent@0.4.2
60 silly idealTree ├── type-is@1.6.10
60 silly idealTree ├── uglify-js@2.5.0
60 silly idealTree ├── uglify-save-license@0.4.1
60 silly idealTree ├── uglify-to-browserify@1.0.2
60 silly idealTree ├── underscore@1.8.3
60 silly idealTree ├── unique-stream@1.0.0
60 silly idealTree ├── unpipe@1.0.0
60 silly idealTree ├── user-home@1.1.1
60 silly idealTree ├── util-deprecate@1.0.2
60 silly idealTree ├── utils-merge@1.0.0
60 silly idealTree ├── v8flags@2.0.10
60 silly idealTree ├── validate-npm-package-license@3.0.1
60 silly idealTree ├── vary@1.1.0
60 silly idealTree ├── verror@1.6.0
60 silly idealTree ├─┬ vinyl-fs@0.3.14
60 silly idealTree │ ├── clone@0.2.0
60 silly idealTree │ ├── graceful-fs@3.0.8
60 silly idealTree │ ├── readable-stream@1.0.33
60 silly idealTree │ ├── strip-bom@1.0.0
60 silly idealTree │ ├── through2@0.6.5
60 silly idealTree │ └── vinyl@0.4.6
60 silly idealTree ├── vinyl-sourcemaps-apply@0.2.0
60 silly idealTree ├── vinyl@0.5.3
60 silly idealTree ├── window-size@0.1.0
60 silly idealTree ├── wordwrap@0.0.3
60 silly idealTree ├── wrappy@1.0.1
60 silly idealTree ├─┬ ws@0.4.32
60 silly idealTree │ └── nan@1.0.0
60 silly idealTree ├── xtend@4.0.1
60 silly idealTree ├─┬ yargs@3.5.4
60 silly idealTree │ └── wordwrap@0.0.2
60 silly idealTree └─┬ zmq@2.14.0
60 silly idealTree   └── nan@2.0.9
61 silly generateActionsToTake Starting
62 silly install generateActionsToTake
63 silly generateActionsToTake Finishing
64 silly diffTrees action count 1
65 silly diffTrees add nodelua@0.3.3
66 silly decomposeActions action count 8
67 silly decomposeActions fetch nodelua@0.3.3
68 silly decomposeActions extract nodelua@0.3.3
69 silly decomposeActions preinstall nodelua@0.3.3
70 silly decomposeActions build nodelua@0.3.3
71 silly decomposeActions install nodelua@0.3.3
72 silly decomposeActions postinstall nodelua@0.3.3
73 silly decomposeActions test nodelua@0.3.3
74 silly decomposeActions finalize nodelua@0.3.3
75 silly executeActions Starting
76 silly install executeActions
77 silly doSerial global-install 0
78 silly doParallel fetch 1
79 verbose lock using /Users/smcgill3/.npm/_locks/staging-4432a2b3bb5bc3c3.lock for /Users/smcgill3/sur/node_modules/.staging
80 silly doParallel extract 1
81 silly extract nodelua@0.3.3
82 verbose unbuild node_modules/.staging/nodelua-bc24d90935efa2134a67fa826bd318de
83 silly gentlyRm /Users/smcgill3/sur/node_modules/.staging/nodelua-bc24d90935efa2134a67fa826bd318de is being purged from base /Users/smcgill3/sur
84 verbose gentlyRm don't care about contents; nuking /Users/smcgill3/sur/node_modules/.staging/nodelua-bc24d90935efa2134a67fa826bd318de
85 verbose tar unpack /Users/smcgill3/.npm/nodelua/0.3.3/package.tgz
86 verbose tar unpacking to /Users/smcgill3/sur/node_modules/.staging/nodelua-bc24d90935efa2134a67fa826bd318de
87 silly gentlyRm /Users/smcgill3/sur/node_modules/.staging/nodelua-bc24d90935efa2134a67fa826bd318de is being purged
88 verbose gentlyRm don't care about contents; nuking /Users/smcgill3/sur/node_modules/.staging/nodelua-bc24d90935efa2134a67fa826bd318de
89 silly gunzTarPerm modes [ '755', '644' ]
90 silly gunzTarPerm extractEntry package.json
91 silly gunzTarPerm extractEntry .npmignore
92 silly gunzTarPerm extractEntry README.md
93 silly gunzTarPerm extractEntry binding.gyp
94 silly gunzTarPerm extractEntry examples/config/index.js
95 silly gunzTarPerm extractEntry examples/config/config.lua
96 silly gunzTarPerm extractEntry examples/constants/index.js
97 silly gunzTarPerm extractEntry examples/files/index.js
98 silly gunzTarPerm extractEntry examples/files/test.lua
99 silly gunzTarPerm extractEntry examples/functions/index.js
100 silly gunzTarPerm extractEntry examples/simple/index.js
101 silly gunzTarPerm extractEntry lib/index.js
102 silly gunzTarPerm extractEntry src/luastate.cc
103 silly gunzTarPerm extractEntry src/luastate.h
104 silly gunzTarPerm extractEntry src/nodelua.cc
105 silly gunzTarPerm extractEntry src/utils.cc
106 silly gunzTarPerm extractEntry src/utils.h
107 silly doParallel preinstall 1
108 silly preinstall nodelua@0.3.3 /Users/smcgill3/sur/node_modules/.staging/nodelua-bc24d90935efa2134a67fa826bd318de
109 info lifecycle nodelua@0.3.3~preinstall: nodelua@0.3.3
110 silly lifecycle nodelua@0.3.3~preinstall: no script for preinstall, continuing
111 silly doReverseSerial remove 0
112 silly doSerial move 0
113 silly doSerial finalize 1
114 silly finalize /Users/smcgill3/sur/node_modules/nodelua
115 silly doSerial build 1
116 silly build nodelua@0.3.3
117 info linkStuff nodelua@0.3.3
118 silly linkStuff nodelua@0.3.3 has /Users/smcgill3/sur/node_modules as its parent node_modules
119 verbose linkBins nodelua@0.3.3
120 verbose linkMans nodelua@0.3.3
121 silly doSerial global-link 0
122 silly doParallel update-linked 0
123 silly doSerial install 1
124 silly install nodelua@0.3.3 /Users/smcgill3/sur/node_modules/.staging/nodelua-bc24d90935efa2134a67fa826bd318de
125 info lifecycle nodelua@0.3.3~install: nodelua@0.3.3
126 verbose lifecycle nodelua@0.3.3~install: unsafe-perm in lifecycle true
127 verbose lifecycle nodelua@0.3.3~install: PATH: /usr/local/lib/node_modules/npm/bin/node-gyp-bin:/Users/smcgill3/sur/node_modules/nodelua/node_modules/.bin:/Users/smcgill3/sur/node_modules/.bin:/usr/local/bin:/usr/bin:/bin:/usr/sbin:/sbin:/opt/X11/bin:/Library/TeX/texbin::/Users/smcgill3/anaconda/bin
128 verbose lifecycle nodelua@0.3.3~install: CWD: /Users/smcgill3/sur/node_modules/nodelua
129 silly lifecycle nodelua@0.3.3~install: Args: [ '-c', 'node-gyp rebuild' ]
130 silly lifecycle nodelua@0.3.3~install: Returned: code: 1  signal: null
131 info lifecycle nodelua@0.3.3~install: Failed to exec install script
132 verbose unlock done using /Users/smcgill3/.npm/_locks/staging-4432a2b3bb5bc3c3.lock for /Users/smcgill3/sur/node_modules/.staging
133 silly rollbackFailedOptional Starting
134 silly rollbackFailedOptional Finishing
135 silly runTopLevelLifecycles Starting
136 silly runTopLevelLifecycles Finishing
137 silly install printInstalled
138 warn EPACKAGEJSON sur@0.2.0 license should be a valid SPDX license expression
139 verbose stack Error: nodelua@0.3.3 install: `node-gyp rebuild`
139 verbose stack Exit status 1
139 verbose stack     at EventEmitter.<anonymous> (/usr/local/lib/node_modules/npm/lib/utils/lifecycle.js:232:16)
139 verbose stack     at emitTwo (events.js:87:13)
139 verbose stack     at EventEmitter.emit (events.js:172:7)
139 verbose stack     at ChildProcess.<anonymous> (/usr/local/lib/node_modules/npm/lib/utils/spawn.js:24:14)
139 verbose stack     at emitTwo (events.js:87:13)
139 verbose stack     at ChildProcess.emit (events.js:172:7)
139 verbose stack     at maybeClose (internal/child_process.js:818:16)
139 verbose stack     at Process.ChildProcess._handle.onexit (internal/child_process.js:211:5)
140 verbose pkgid nodelua@0.3.3
141 verbose cwd /Users/smcgill3/sur
142 error Darwin 15.0.0
143 error argv "/usr/local/Cellar/node/5.1.1/bin/node" "/usr/local/bin/npm" "install" "nodelua"
144 error node v5.1.1
145 error npm  v3.3.12
146 error code ELIFECYCLE
147 error nodelua@0.3.3 install: `node-gyp rebuild`
147 error Exit status 1
148 error Failed at the nodelua@0.3.3 install script 'node-gyp rebuild'.
148 error Make sure you have the latest version of node.js and npm installed.
148 error If you do, this is most likely a problem with the nodelua package,
148 error not with npm itself.
148 error Tell the author that this fails on your system:
148 error     node-gyp rebuild
148 error You can get their info via:
148 error     npm owner ls nodelua
148 error There is likely additional logging output above.
149 verbose exit [ 1, true ]
